{"/home/travis/build/npmtest/node-npmtest-virtual-dom/test.js":{"path":"/home/travis/build/npmtest/node-npmtest-virtual-dom/test.js","s":{"1":2,"2":2,"3":2,"4":2,"5":2,"6":2,"7":2,"8":1,"9":2,"10":2,"11":1,"12":1,"13":1,"14":1,"15":2,"16":2,"17":2,"18":2,"19":1,"20":1,"21":2,"22":2,"23":2,"24":1,"25":1,"26":1,"27":1,"28":1,"29":1,"30":1,"31":1,"32":1,"33":1,"34":1,"35":1,"36":1,"37":2,"38":2,"39":1,"40":2,"41":2,"42":1,"43":2,"44":2,"45":1,"46":2,"47":2,"48":1,"49":1,"50":1,"51":1,"52":1},"b":{"1":[2,1,1,1],"2":[1,1,1,1],"3":[1,1],"4":[1,1],"5":[1,1],"6":[1,1],"7":[1,1],"8":[1,1],"9":[1,1,1],"10":[1,1],"11":[1,1],"12":[1,1],"13":[1,1],"14":[1,1],"15":[1,1],"16":[1,1]},"f":{"1":2,"2":2,"3":2,"4":2,"5":2,"6":1,"7":1,"8":2,"9":2,"10":2,"11":2,"12":1},"fnMap":{"1":{"name":"(anonymous_1)","line":12,"loc":{"start":{"line":12,"column":1},"end":{"line":12,"column":13}}},"2":{"name":"(anonymous_2)","line":19,"loc":{"start":{"line":19,"column":5},"end":{"line":19,"column":17}}},"3":{"name":"(anonymous_3)","line":23,"loc":{"start":{"line":23,"column":24},"end":{"line":23,"column":36}}},"4":{"name":"(anonymous_4)","line":61,"loc":{"start":{"line":61,"column":5},"end":{"line":61,"column":17}}},"5":{"name":"(anonymous_5)","line":82,"loc":{"start":{"line":82,"column":5},"end":{"line":82,"column":17}}},"6":{"name":"(anonymous_6)","line":102,"loc":{"start":{"line":102,"column":83},"end":{"line":105,"column":10}},"skip":true},"7":{"name":"(anonymous_7)","line":113,"loc":{"start":{"line":113,"column":77},"end":{"line":116,"column":10}},"skip":true},"8":{"name":"(anonymous_8)","line":129,"loc":{"start":{"line":129,"column":12},"end":{"line":129,"column":40}},"skip":true},"9":{"name":"(anonymous_9)","line":137,"loc":{"start":{"line":137,"column":77},"end":{"line":140,"column":10}},"skip":true},"10":{"name":"(anonymous_10)","line":148,"loc":{"start":{"line":148,"column":83},"end":{"line":151,"column":10}},"skip":true},"11":{"name":"(anonymous_11)","line":159,"loc":{"start":{"line":159,"column":79},"end":{"line":162,"column":10}},"skip":true},"12":{"name":"(anonymous_12)","line":170,"loc":{"start":{"line":170,"column":75},"end":{"line":173,"column":10}},"skip":true}},"statementMap":{"1":{"start":{"line":12,"column":0},"end":{"line":185,"column":5}},"2":{"start":{"line":14,"column":4},"end":{"line":14,"column":14}},"3":{"start":{"line":19,"column":4},"end":{"line":56,"column":9}},"4":{"start":{"line":21,"column":8},"end":{"line":21,"column":19}},"5":{"start":{"line":23,"column":8},"end":{"line":35,"column":13}},"6":{"start":{"line":24,"column":12},"end":{"line":34,"column":13}},"7":{"start":{"line":25,"column":16},"end":{"line":28,"column":30}},"8":{"start":{"line":30,"column":16},"end":{"line":33,"column":27}},"9":{"start":{"line":37,"column":8},"end":{"line":39,"column":21}},"10":{"start":{"line":40,"column":8},"end":{"line":53,"column":9}},"11":{"start":{"line":43,"column":12},"end":{"line":46,"column":14}},"12":{"start":{"line":47,"column":12},"end":{"line":47,"column":18}},"13":{"start":{"line":50,"column":12},"end":{"line":51,"column":46}},"14":{"start":{"line":52,"column":12},"end":{"line":52,"column":18}},"15":{"start":{"line":55,"column":8},"end":{"line":55,"column":35}},"16":{"start":{"line":61,"column":4},"end":{"line":63,"column":9}},"17":{"start":{"line":62,"column":8},"end":{"line":62,"column":15}},"18":{"start":{"line":64,"column":4},"end":{"line":77,"column":5}},"19":{"start":{"line":70,"column":8},"end":{"line":70,"column":14}},"20":{"start":{"line":76,"column":8},"end":{"line":76,"column":14}},"21":{"start":{"line":82,"column":4},"end":{"line":84,"column":9}},"22":{"start":{"line":83,"column":8},"end":{"line":83,"column":15}},"23":{"start":{"line":85,"column":4},"end":{"line":184,"column":5}},"24":{"start":{"line":92,"column":8},"end":{"line":94,"column":63}},"25":{"start":{"line":95,"column":8},"end":{"line":95,"column":14}},"26":{"start":{"line":102,"column":8},"end":{"line":111,"column":10},"skip":true},"27":{"start":{"line":109,"column":12},"end":{"line":109,"column":55},"skip":true},"28":{"start":{"line":110,"column":12},"end":{"line":110,"column":48},"skip":true},"29":{"start":{"line":113,"column":8},"end":{"line":126,"column":10},"skip":true},"30":{"start":{"line":120,"column":12},"end":{"line":120,"column":76},"skip":true},"31":{"start":{"line":121,"column":12},"end":{"line":121,"column":73},"skip":true},"32":{"start":{"line":122,"column":12},"end":{"line":122,"column":74},"skip":true},"33":{"start":{"line":123,"column":12},"end":{"line":123,"column":79},"skip":true},"34":{"start":{"line":124,"column":12},"end":{"line":124,"column":25},"skip":true},"35":{"start":{"line":125,"column":12},"end":{"line":125,"column":45},"skip":true},"36":{"start":{"line":128,"column":8},"end":{"line":135,"column":14},"skip":true},"37":{"start":{"line":133,"column":16},"end":{"line":133,"column":29},"skip":true},"38":{"start":{"line":134,"column":16},"end":{"line":134,"column":55},"skip":true},"39":{"start":{"line":137,"column":8},"end":{"line":146,"column":10},"skip":true},"40":{"start":{"line":144,"column":12},"end":{"line":144,"column":25},"skip":true},"41":{"start":{"line":145,"column":12},"end":{"line":145,"column":45},"skip":true},"42":{"start":{"line":148,"column":8},"end":{"line":157,"column":10},"skip":true},"43":{"start":{"line":155,"column":12},"end":{"line":155,"column":25},"skip":true},"44":{"start":{"line":156,"column":12},"end":{"line":156,"column":48},"skip":true},"45":{"start":{"line":159,"column":8},"end":{"line":168,"column":10},"skip":true},"46":{"start":{"line":166,"column":12},"end":{"line":166,"column":25},"skip":true},"47":{"start":{"line":167,"column":12},"end":{"line":167,"column":46},"skip":true},"48":{"start":{"line":170,"column":8},"end":{"line":179,"column":10},"skip":true},"49":{"start":{"line":177,"column":12},"end":{"line":177,"column":94},"skip":true},"50":{"start":{"line":178,"column":12},"end":{"line":178,"column":48},"skip":true},"51":{"start":{"line":182,"column":8},"end":{"line":182,"column":35},"skip":true},"52":{"start":{"line":183,"column":8},"end":{"line":183,"column":14},"skip":true}},"branchMap":{"1":{"line":25,"type":"binary-expr","locations":[{"start":{"line":25,"column":23},"end":{"line":25,"column":62}},{"start":{"line":26,"column":20},"end":{"line":26,"column":70}},{"start":{"line":27,"column":20},"end":{"line":27,"column":71}},{"start":{"line":28,"column":20},"end":{"line":28,"column":29}}]},"2":{"line":30,"type":"binary-expr","locations":[{"start":{"line":30,"column":23},"end":{"line":30,"column":37}},{"start":{"line":31,"column":20},"end":{"line":31,"column":61}},{"start":{"line":32,"column":20},"end":{"line":32,"column":70}},{"start":{"line":33,"column":20},"end":{"line":33,"column":26}}]},"3":{"line":37,"type":"cond-expr","locations":[{"start":{"line":38,"column":14},"end":{"line":38,"column":20}},{"start":{"line":39,"column":14},"end":{"line":39,"column":20}}]},"4":{"line":40,"type":"switch","locations":[{"start":{"line":42,"column":8},"end":{"line":47,"column":18}},{"start":{"line":49,"column":8},"end":{"line":52,"column":18}}]},"5":{"line":44,"type":"binary-expr","locations":[{"start":{"line":44,"column":16},"end":{"line":44,"column":44}},{"start":{"line":44,"column":48},"end":{"line":44,"column":66}}]},"6":{"line":50,"type":"binary-expr","locations":[{"start":{"line":50,"column":21},"end":{"line":50,"column":49}},{"start":{"line":50,"column":53},"end":{"line":50,"column":72}}]},"7":{"line":64,"type":"switch","locations":[{"start":{"line":69,"column":4},"end":{"line":70,"column":14}},{"start":{"line":75,"column":4},"end":{"line":76,"column":14}}]},"8":{"line":85,"type":"switch","locations":[{"start":{"line":90,"column":4},"end":{"line":95,"column":14}},{"start":{"line":101,"column":4},"end":{"line":183,"column":14},"skip":true}]},"9":{"line":92,"type":"binary-expr","locations":[{"start":{"line":92,"column":18},"end":{"line":92,"column":32}},{"start":{"line":93,"column":12},"end":{"line":93,"column":53}},{"start":{"line":94,"column":12},"end":{"line":94,"column":61}}]},"10":{"line":102,"type":"binary-expr","locations":[{"start":{"line":102,"column":45},"end":{"line":102,"column":79},"skip":true},{"start":{"line":102,"column":83},"end":{"line":111,"column":9},"skip":true}]},"11":{"line":113,"type":"binary-expr","locations":[{"start":{"line":113,"column":42},"end":{"line":113,"column":73},"skip":true},{"start":{"line":113,"column":77},"end":{"line":126,"column":9},"skip":true}]},"12":{"line":128,"type":"binary-expr","locations":[{"start":{"line":128,"column":48},"end":{"line":128,"column":85},"skip":true},{"start":{"line":129,"column":12},"end":{"line":135,"column":13},"skip":true}]},"13":{"line":137,"type":"binary-expr","locations":[{"start":{"line":137,"column":42},"end":{"line":137,"column":73},"skip":true},{"start":{"line":137,"column":77},"end":{"line":146,"column":9},"skip":true}]},"14":{"line":148,"type":"binary-expr","locations":[{"start":{"line":148,"column":45},"end":{"line":148,"column":79},"skip":true},{"start":{"line":148,"column":83},"end":{"line":157,"column":9},"skip":true}]},"15":{"line":159,"type":"binary-expr","locations":[{"start":{"line":159,"column":43},"end":{"line":159,"column":75},"skip":true},{"start":{"line":159,"column":79},"end":{"line":168,"column":9},"skip":true}]},"16":{"line":170,"type":"binary-expr","locations":[{"start":{"line":170,"column":41},"end":{"line":170,"column":71},"skip":true},{"start":{"line":170,"column":75},"end":{"line":179,"column":9},"skip":true}]}},"code":["/* istanbul instrument in package npmtest_virtual_dom */","/*jslint","    bitwise: true,","    browser: true,","    maxerr: 8,","    maxlen: 96,","    node: true,","    nomen: true,","    regexp: true,","    stupid: true","*/","(function () {","    'use strict';","    var local;","","","","    // run shared js-env code - pre-init","    (function () {","        // init local","        local = {};","        // init modeJs","        local.modeJs = (function () {","            try {","                return typeof navigator.userAgent === 'string' &&","                    typeof document.querySelector('body') === 'object' &&","                    typeof XMLHttpRequest.prototype.open === 'function' &&","                    'browser';","            } catch (errorCaughtBrowser) {","                return module.exports &&","                    typeof process.versions.node === 'string' &&","                    typeof require('http').createServer === 'function' &&","                    'node';","            }","        }());","        // init global","        local.global = local.modeJs === 'browser'","            ? window","            : global;","        switch (local.modeJs) {","        // re-init local from window.local","        case 'browser':","            local = local.global.utility2.objectSetDefault(","                local.global.utility2_rollup || local.global.local,","                local.global.utility2","            );","            break;","        // re-init local from example.js","        case 'node':","            local = (local.global.utility2_rollup || require('utility2'))","                .requireExampleJsFromReadme();","            break;","        }","        // export local","        local.global.local = local;","    }());","","","","    // run shared js-env code - function","    (function () {","        return;","    }());","    switch (local.modeJs) {","","","","    // run browser js-env code - function","    case 'browser':","        break;","","","","    // run node js-env code - function","    case 'node':","        break;","    }","","","","    // run shared js-env code - post-init","    (function () {","        return;","    }());","    switch (local.modeJs) {","","","","    // run browser js-env code - post-init","    case 'browser':","        // run tests","        local.nop(local.modeTest &&","            document.querySelector('#testRunButton1') &&","            document.querySelector('#testRunButton1').click());","        break;","","","","    // run node js-env code - post-init","    /* istanbul ignore next */","    case 'node':","        local.testCase_buildApidoc_default = local.testCase_buildApidoc_default || function (","            options,","            onError","        ) {","        /*","         * this function will test buildApidoc's default handling-behavior-behavior","         */","            options = { modulePathList: module.paths };","            local.buildApidoc(options, onError);","        };","","        local.testCase_buildApp_default = local.testCase_buildApp_default || function (","            options,","            onError","        ) {","        /*","         * this function will test buildApp's default handling-behavior-behavior","         */","            local.testCase_buildReadme_default(options, local.onErrorThrow);","            local.testCase_buildLib_default(options, local.onErrorThrow);","            local.testCase_buildTest_default(options, local.onErrorThrow);","            local.testCase_buildCustomOrg_default(options, local.onErrorThrow);","            options = [];","            local.buildApp(options, onError);","        };","","        local.testCase_buildCustomOrg_default = local.testCase_buildCustomOrg_default ||","            function (options, onError) {","            /*","             * this function will test buildCustomOrg's default handling-behavior","             */","                options = {};","                local.buildCustomOrg(options, onError);","            };","","        local.testCase_buildLib_default = local.testCase_buildLib_default || function (","            options,","            onError","        ) {","        /*","         * this function will test buildLib's default handling-behavior","         */","            options = {};","            local.buildLib(options, onError);","        };","","        local.testCase_buildReadme_default = local.testCase_buildReadme_default || function (","            options,","            onError","        ) {","        /*","         * this function will test buildReadme's default handling-behavior-behavior","         */","            options = {};","            local.buildReadme(options, onError);","        };","","        local.testCase_buildTest_default = local.testCase_buildTest_default || function (","            options,","            onError","        ) {","        /*","         * this function will test buildTest's default handling-behavior","         */","            options = {};","            local.buildTest(options, onError);","        };","","        local.testCase_webpage_default = local.testCase_webpage_default || function (","            options,","            onError","        ) {","        /*","         * this function will test webpage's default handling-behavior","         */","            options = { modeCoverageMerge: true, url: local.serverLocalHost + '?modeTest=1' };","            local.browserTest(options, onError);","        };","","        // run test-server","        local.testRunServer(local);","        break;","    }","}());",""],"l":{"12":2,"14":2,"19":2,"21":2,"23":2,"24":2,"25":2,"30":1,"37":2,"40":2,"43":1,"47":1,"50":1,"52":1,"55":2,"61":2,"62":2,"64":2,"70":1,"76":1,"82":2,"83":2,"85":2,"92":1,"95":1,"102":1,"109":1,"110":1,"113":1,"120":1,"121":1,"122":1,"123":1,"124":1,"125":1,"128":1,"133":2,"134":2,"137":1,"144":2,"145":2,"148":1,"155":2,"156":2,"159":1,"166":2,"167":2,"170":1,"177":1,"178":1,"182":1,"183":1}},"/home/travis/build/npmtest/node-npmtest-virtual-dom/lib.npmtest_virtual_dom.js":{"path":"/home/travis/build/npmtest/node-npmtest-virtual-dom/lib.npmtest_virtual_dom.js","s":{"1":2,"2":2,"3":2,"4":2,"5":2,"6":2,"7":2,"8":1,"9":2,"10":2,"11":2,"12":2,"13":1,"14":1,"15":1,"16":1},"b":{"1":[2,1,1,1],"2":[1,1,1,1],"3":[1,1],"4":[2,2],"5":[1,1]},"f":{"1":2,"2":2,"3":2},"fnMap":{"1":{"name":"(anonymous_1)","line":12,"loc":{"start":{"line":12,"column":1},"end":{"line":12,"column":13}}},"2":{"name":"(anonymous_2)","line":19,"loc":{"start":{"line":19,"column":5},"end":{"line":19,"column":17}}},"3":{"name":"(anonymous_3)","line":23,"loc":{"start":{"line":23,"column":24},"end":{"line":23,"column":36}}}},"statementMap":{"1":{"start":{"line":12,"column":0},"end":{"line":53,"column":5}},"2":{"start":{"line":14,"column":4},"end":{"line":14,"column":14}},"3":{"start":{"line":19,"column":4},"end":{"line":52,"column":9}},"4":{"start":{"line":21,"column":8},"end":{"line":21,"column":19}},"5":{"start":{"line":23,"column":8},"end":{"line":35,"column":13}},"6":{"start":{"line":24,"column":12},"end":{"line":34,"column":13}},"7":{"start":{"line":25,"column":16},"end":{"line":28,"column":30}},"8":{"start":{"line":30,"column":16},"end":{"line":33,"column":27}},"9":{"start":{"line":37,"column":8},"end":{"line":39,"column":21}},"10":{"start":{"line":41,"column":8},"end":{"line":41,"column":54}},"11":{"start":{"line":43,"column":8},"end":{"line":43,"column":56}},"12":{"start":{"line":45,"column":8},"end":{"line":51,"column":9}},"13":{"start":{"line":46,"column":12},"end":{"line":46,"column":62}},"14":{"start":{"line":48,"column":12},"end":{"line":48,"column":35}},"15":{"start":{"line":49,"column":12},"end":{"line":49,"column":49}},"16":{"start":{"line":50,"column":12},"end":{"line":50,"column":43}}},"branchMap":{"1":{"line":25,"type":"binary-expr","locations":[{"start":{"line":25,"column":23},"end":{"line":25,"column":62}},{"start":{"line":26,"column":20},"end":{"line":26,"column":70}},{"start":{"line":27,"column":20},"end":{"line":27,"column":71}},{"start":{"line":28,"column":20},"end":{"line":28,"column":29}}]},"2":{"line":30,"type":"binary-expr","locations":[{"start":{"line":30,"column":23},"end":{"line":30,"column":37}},{"start":{"line":31,"column":20},"end":{"line":31,"column":61}},{"start":{"line":32,"column":20},"end":{"line":32,"column":70}},{"start":{"line":33,"column":20},"end":{"line":33,"column":26}}]},"3":{"line":37,"type":"cond-expr","locations":[{"start":{"line":38,"column":14},"end":{"line":38,"column":20}},{"start":{"line":39,"column":14},"end":{"line":39,"column":20}}]},"4":{"line":41,"type":"binary-expr","locations":[{"start":{"line":41,"column":16},"end":{"line":41,"column":44}},{"start":{"line":41,"column":48},"end":{"line":41,"column":53}}]},"5":{"line":45,"type":"if","locations":[{"start":{"line":45,"column":8},"end":{"line":45,"column":8}},{"start":{"line":45,"column":8},"end":{"line":45,"column":8}}]}},"code":["/* istanbul instrument in package npmtest_virtual_dom */","/*jslint","    bitwise: true,","    browser: true,","    maxerr: 8,","    maxlen: 96,","    node: true,","    nomen: true,","    regexp: true,","    stupid: true","*/","(function () {","    'use strict';","    var local;","","","","    // run shared js-env code - pre-init","    (function () {","        // init local","        local = {};","        // init modeJs","        local.modeJs = (function () {","            try {","                return typeof navigator.userAgent === 'string' &&","                    typeof document.querySelector('body') === 'object' &&","                    typeof XMLHttpRequest.prototype.open === 'function' &&","                    'browser';","            } catch (errorCaughtBrowser) {","                return module.exports &&","                    typeof process.versions.node === 'string' &&","                    typeof require('http').createServer === 'function' &&","                    'node';","            }","        }());","        // init global","        local.global = local.modeJs === 'browser'","            ? window","            : global;","        // init utility2_rollup","        local = local.global.utility2_rollup || local;","        // init lib","        local.local = local.npmtest_virtual_dom = local;","        // init exports","        if (local.modeJs === 'browser') {","            local.global.utility2_npmtest_virtual_dom = local;","        } else {","            module.exports = local;","            module.exports.__dirname = __dirname;","            module.exports.module = module;","        }","    }());","}());",""],"l":{"12":2,"14":2,"19":2,"21":2,"23":2,"24":2,"25":2,"30":1,"37":2,"41":2,"43":2,"45":2,"46":1,"48":1,"49":1,"50":1}},"/home/travis/build/npmtest/node-npmtest-virtual-dom/example.js":{"path":"/home/travis/build/npmtest/node-npmtest-virtual-dom/example.js","s":{"1":2,"2":2,"3":2,"4":2,"5":2,"6":2,"7":2,"8":1,"9":2,"10":2,"11":2,"12":2,"13":1,"14":2,"15":2,"16":2,"17":2,"18":2,"19":0,"20":2,"21":1,"22":1,"23":1,"24":1,"25":1,"26":0,"27":0,"28":1,"29":1,"30":2,"31":0,"32":0,"33":0,"34":1,"35":2,"36":2,"37":2,"38":2,"39":2,"40":2,"41":0,"42":2,"43":2,"44":2,"45":1,"46":3,"47":1,"48":1,"49":1,"50":1,"51":1,"52":1,"53":1,"54":1,"55":1,"56":1,"57":0,"58":1,"59":6,"60":6,"61":1,"62":2,"63":0,"64":2,"65":1,"66":1,"67":0,"68":0,"69":0,"70":0,"71":0,"72":0,"73":0,"74":0,"75":0,"76":0,"77":0,"78":0,"79":0,"80":0,"81":0,"82":0,"83":0},"b":{"1":[2,1,1,1],"2":[1,1,1,1],"3":[1,1],"4":[2,2],"5":[1,1],"6":[1,1],"7":[2,0],"8":[2,1,1,1,1,1],"9":[0,2,0],"10":[1,1],"11":[2,1,1],"12":[1,0],"13":[0,2],"14":[2,0,0,0,0,0,0],"15":[0,2],"16":[2,0],"17":[1,1],"18":[0,1],"19":[1,2,0,2],"20":[1,0],"21":[1,1],"22":[0,0],"23":[0,0],"24":[0,0],"25":[0,0],"26":[0,0],"27":[0,0],"28":[0,0]},"f":{"1":2,"2":2,"3":2,"4":2,"5":2,"6":2,"7":2,"8":2,"9":3,"10":1,"11":6,"12":0},"fnMap":{"1":{"name":"(anonymous_1)","line":26,"loc":{"start":{"line":26,"column":1},"end":{"line":26,"column":13}}},"2":{"name":"(anonymous_2)","line":33,"loc":{"start":{"line":33,"column":5},"end":{"line":33,"column":17}}},"3":{"name":"(anonymous_3)","line":37,"loc":{"start":{"line":37,"column":24},"end":{"line":37,"column":36}}},"4":{"name":"(anonymous_4)","line":69,"loc":{"start":{"line":69,"column":31},"end":{"line":69,"column":48}},"skip":true},"5":{"name":"(anonymous_5)","line":78,"loc":{"start":{"line":78,"column":26},"end":{"line":78,"column":45}},"skip":true},"6":{"name":"(anonymous_6)","line":123,"loc":{"start":{"line":123,"column":33},"end":{"line":123,"column":48}},"skip":true},"7":{"name":"(anonymous_7)","line":125,"loc":{"start":{"line":125,"column":27},"end":{"line":125,"column":39}},"skip":true},"8":{"name":"(anonymous_8)","line":133,"loc":{"start":{"line":133,"column":59},"end":{"line":133,"column":74}},"skip":true},"9":{"name":"(anonymous_9)","line":143,"loc":{"start":{"line":143,"column":45},"end":{"line":143,"column":62}},"skip":true},"10":{"name":"(anonymous_10)","line":144,"loc":{"start":{"line":144,"column":73},"end":{"line":144,"column":92}},"skip":true},"11":{"name":"(anonymous_11)","line":272,"loc":{"start":{"line":272,"column":51},"end":{"line":272,"column":77}},"skip":true},"12":{"name":"(anonymous_12)","line":314,"loc":{"start":{"line":314,"column":32},"end":{"line":314,"column":61}},"skip":true}},"statementMap":{"1":{"start":{"line":26,"column":0},"end":{"line":325,"column":5}},"2":{"start":{"line":28,"column":4},"end":{"line":28,"column":14}},"3":{"start":{"line":33,"column":4},"end":{"line":60,"column":9}},"4":{"start":{"line":35,"column":8},"end":{"line":35,"column":19}},"5":{"start":{"line":37,"column":8},"end":{"line":49,"column":13}},"6":{"start":{"line":38,"column":12},"end":{"line":48,"column":13}},"7":{"start":{"line":39,"column":16},"end":{"line":42,"column":30}},"8":{"start":{"line":44,"column":16},"end":{"line":47,"column":27}},"9":{"start":{"line":51,"column":8},"end":{"line":53,"column":21}},"10":{"start":{"line":55,"column":8},"end":{"line":57,"column":45}},"11":{"start":{"line":59,"column":8},"end":{"line":59,"column":35}},"12":{"start":{"line":61,"column":4},"end":{"line":324,"column":5}},"13":{"start":{"line":69,"column":8},"end":{"line":121,"column":10},"skip":true},"14":{"start":{"line":70,"column":12},"end":{"line":88,"column":13},"skip":true},"15":{"start":{"line":76,"column":16},"end":{"line":87,"column":19},"skip":true},"16":{"start":{"line":79,"column":20},"end":{"line":86,"column":21},"skip":true},"17":{"start":{"line":82,"column":24},"end":{"line":82,"column":43},"skip":true},"18":{"start":{"line":83,"column":24},"end":{"line":83,"column":30},"skip":true},"19":{"start":{"line":85,"column":24},"end":{"line":85,"column":49},"skip":true},"20":{"start":{"line":89,"column":12},"end":{"line":107,"column":13},"skip":true},"21":{"start":{"line":92,"column":16},"end":{"line":102,"column":17},"skip":true},"22":{"start":{"line":93,"column":20},"end":{"line":93,"column":86},"skip":true},"23":{"start":{"line":94,"column":20},"end":{"line":95,"column":45},"skip":true},"24":{"start":{"line":96,"column":20},"end":{"line":96,"column":42},"skip":true},"25":{"start":{"line":97,"column":20},"end":{"line":97,"column":48},"skip":true},"26":{"start":{"line":100,"column":20},"end":{"line":100,"column":85},"skip":true},"27":{"start":{"line":101,"column":20},"end":{"line":101,"column":96},"skip":true},"28":{"start":{"line":103,"column":16},"end":{"line":103,"column":22},"skip":true},"29":{"start":{"line":106,"column":16},"end":{"line":106,"column":22},"skip":true},"30":{"start":{"line":108,"column":12},"end":{"line":120,"column":13},"skip":true},"31":{"start":{"line":114,"column":16},"end":{"line":119,"column":17},"skip":true},"32":{"start":{"line":116,"column":20},"end":{"line":116,"column":78},"skip":true},"33":{"start":{"line":118,"column":20},"end":{"line":118,"column":53},"skip":true},"34":{"start":{"line":123,"column":8},"end":{"line":141,"column":11},"skip":true},"35":{"start":{"line":124,"column":12},"end":{"line":124,"column":54},"skip":true},"36":{"start":{"line":125,"column":12},"end":{"line":140,"column":14},"skip":true},"37":{"start":{"line":126,"column":16},"end":{"line":126,"column":28},"skip":true},"38":{"start":{"line":127,"column":16},"end":{"line":127,"column":69},"skip":true},"39":{"start":{"line":128,"column":16},"end":{"line":128,"column":75},"skip":true},"40":{"start":{"line":129,"column":16},"end":{"line":131,"column":17},"skip":true},"41":{"start":{"line":130,"column":20},"end":{"line":130,"column":27},"skip":true},"42":{"start":{"line":133,"column":16},"end":{"line":137,"column":36},"skip":true},"43":{"start":{"line":134,"column":20},"end":{"line":136,"column":55},"skip":true},"44":{"start":{"line":139,"column":16},"end":{"line":139,"column":57},"skip":true},"45":{"start":{"line":143,"column":8},"end":{"line":147,"column":11},"skip":true},"46":{"start":{"line":144,"column":12},"end":{"line":146,"column":15},"skip":true},"47":{"start":{"line":145,"column":16},"end":{"line":145,"column":70},"skip":true},"48":{"start":{"line":149,"column":8},"end":{"line":149,"column":31},"skip":true},"49":{"start":{"line":150,"column":8},"end":{"line":150,"column":14},"skip":true},"50":{"start":{"line":158,"column":8},"end":{"line":158,"column":31},"skip":true},"51":{"start":{"line":160,"column":8},"end":{"line":160,"column":33},"skip":true},"52":{"start":{"line":161,"column":8},"end":{"line":161,"column":37},"skip":true},"53":{"start":{"line":162,"column":8},"end":{"line":162,"column":35},"skip":true},"54":{"start":{"line":164,"column":8},"end":{"line":164,"column":50},"skip":true},"55":{"start":{"line":166,"column":8},"end":{"line":256,"column":2},"skip":true},"56":{"start":{"line":258,"column":8},"end":{"line":286,"column":9},"skip":true},"57":{"start":{"line":259,"column":12},"end":{"line":269,"column":14},"skip":true},"58":{"start":{"line":271,"column":12},"end":{"line":285,"column":19},"skip":true},"59":{"start":{"line":274,"column":20},"end":{"line":274,"column":35},"skip":true},"60":{"start":{"line":275,"column":20},"end":{"line":284,"column":21},"skip":true},"61":{"start":{"line":277,"column":24},"end":{"line":277,"column":64},"skip":true},"62":{"start":{"line":279,"column":24},"end":{"line":279,"column":40},"skip":true},"63":{"start":{"line":281,"column":24},"end":{"line":281,"column":40},"skip":true},"64":{"start":{"line":283,"column":24},"end":{"line":283,"column":39},"skip":true},"65":{"start":{"line":288,"column":8},"end":{"line":290,"column":9},"skip":true},"66":{"start":{"line":289,"column":12},"end":{"line":289,"column":18},"skip":true},"67":{"start":{"line":291,"column":8},"end":{"line":293,"column":54},"skip":true},"68":{"start":{"line":294,"column":8},"end":{"line":301,"column":37},"skip":true},"69":{"start":{"line":302,"column":8},"end":{"line":302,"column":82},"skip":true},"70":{"start":{"line":305,"column":8},"end":{"line":307,"column":9},"skip":true},"71":{"start":{"line":306,"column":12},"end":{"line":306,"column":82},"skip":true},"72":{"start":{"line":309,"column":8},"end":{"line":311,"column":9},"skip":true},"73":{"start":{"line":310,"column":12},"end":{"line":310,"column":18},"skip":true},"74":{"start":{"line":312,"column":8},"end":{"line":312,"column":54},"skip":true},"75":{"start":{"line":313,"column":8},"end":{"line":313,"column":69},"skip":true},"76":{"start":{"line":314,"column":8},"end":{"line":322,"column":36},"skip":true},"77":{"start":{"line":315,"column":12},"end":{"line":315,"column":61},"skip":true},"78":{"start":{"line":316,"column":12},"end":{"line":319,"column":13},"skip":true},"79":{"start":{"line":317,"column":16},"end":{"line":317,"column":75},"skip":true},"80":{"start":{"line":318,"column":16},"end":{"line":318,"column":23},"skip":true},"81":{"start":{"line":320,"column":12},"end":{"line":320,"column":38},"skip":true},"82":{"start":{"line":321,"column":12},"end":{"line":321,"column":27},"skip":true},"83":{"start":{"line":323,"column":8},"end":{"line":323,"column":14},"skip":true}},"branchMap":{"1":{"line":39,"type":"binary-expr","locations":[{"start":{"line":39,"column":23},"end":{"line":39,"column":62}},{"start":{"line":40,"column":20},"end":{"line":40,"column":70}},{"start":{"line":41,"column":20},"end":{"line":41,"column":71}},{"start":{"line":42,"column":20},"end":{"line":42,"column":29}}]},"2":{"line":44,"type":"binary-expr","locations":[{"start":{"line":44,"column":23},"end":{"line":44,"column":37}},{"start":{"line":45,"column":20},"end":{"line":45,"column":61}},{"start":{"line":46,"column":20},"end":{"line":46,"column":70}},{"start":{"line":47,"column":20},"end":{"line":47,"column":26}}]},"3":{"line":51,"type":"cond-expr","locations":[{"start":{"line":52,"column":14},"end":{"line":52,"column":20}},{"start":{"line":53,"column":14},"end":{"line":53,"column":20}}]},"4":{"line":55,"type":"binary-expr","locations":[{"start":{"line":55,"column":16},"end":{"line":55,"column":44}},{"start":{"line":55,"column":49},"end":{"line":57,"column":43}}]},"5":{"line":55,"type":"cond-expr","locations":[{"start":{"line":56,"column":14},"end":{"line":56,"column":55}},{"start":{"line":57,"column":14},"end":{"line":57,"column":43}}]},"6":{"line":61,"type":"switch","locations":[{"start":{"line":68,"column":4},"end":{"line":150,"column":14},"skip":true},{"start":{"line":156,"column":4},"end":{"line":323,"column":14},"skip":true}]},"7":{"line":70,"type":"if","locations":[{"start":{"line":70,"column":12},"end":{"line":70,"column":12},"skip":true},{"start":{"line":70,"column":12},"end":{"line":70,"column":12},"skip":true}]},"8":{"line":70,"type":"binary-expr","locations":[{"start":{"line":70,"column":16},"end":{"line":70,"column":22},"skip":true},{"start":{"line":70,"column":27},"end":{"line":70,"column":32},"skip":true},{"start":{"line":71,"column":20},"end":{"line":71,"column":39},"skip":true},{"start":{"line":72,"column":20},"end":{"line":72,"column":49},"skip":true},{"start":{"line":73,"column":20},"end":{"line":73,"column":58},"skip":true},{"start":{"line":74,"column":20},"end":{"line":74,"column":69},"skip":true}]},"9":{"line":79,"type":"switch","locations":[{"start":{"line":80,"column":20},"end":{"line":80,"column":33},"skip":true},{"start":{"line":81,"column":20},"end":{"line":83,"column":30},"skip":true},{"start":{"line":84,"column":20},"end":{"line":85,"column":49},"skip":true}]},"10":{"line":89,"type":"switch","locations":[{"start":{"line":90,"column":12},"end":{"line":103,"column":22},"skip":true},{"start":{"line":105,"column":12},"end":{"line":106,"column":22},"skip":true}]},"11":{"line":89,"type":"binary-expr","locations":[{"start":{"line":89,"column":20},"end":{"line":89,"column":25},"skip":true},{"start":{"line":89,"column":29},"end":{"line":89,"column":48},"skip":true},{"start":{"line":89,"column":52},"end":{"line":89,"column":74},"skip":true}]},"12":{"line":92,"type":"if","locations":[{"start":{"line":92,"column":16},"end":{"line":92,"column":16},"skip":true},{"start":{"line":92,"column":16},"end":{"line":92,"column":16},"skip":true}]},"13":{"line":108,"type":"if","locations":[{"start":{"line":108,"column":12},"end":{"line":108,"column":12},"skip":true},{"start":{"line":108,"column":12},"end":{"line":108,"column":12},"skip":true}]},"14":{"line":108,"type":"binary-expr","locations":[{"start":{"line":108,"column":16},"end":{"line":108,"column":61},"skip":true},{"start":{"line":108,"column":66},"end":{"line":108,"column":72},"skip":true},{"start":{"line":108,"column":77},"end":{"line":108,"column":82},"skip":true},{"start":{"line":109,"column":20},"end":{"line":109,"column":39},"skip":true},{"start":{"line":110,"column":20},"end":{"line":110,"column":49},"skip":true},{"start":{"line":111,"column":20},"end":{"line":111,"column":58},"skip":true},{"start":{"line":112,"column":20},"end":{"line":112,"column":68},"skip":true}]},"15":{"line":129,"type":"if","locations":[{"start":{"line":129,"column":16},"end":{"line":129,"column":16},"skip":true},{"start":{"line":129,"column":16},"end":{"line":129,"column":16},"skip":true}]},"16":{"line":134,"type":"cond-expr","locations":[{"start":{"line":135,"column":26},"end":{"line":135,"column":29},"skip":true},{"start":{"line":136,"column":26},"end":{"line":136,"column":54},"skip":true}]},"17":{"line":164,"type":"binary-expr","locations":[{"start":{"line":164,"column":27},"end":{"line":164,"column":43},"skip":true},{"start":{"line":164,"column":47},"end":{"line":164,"column":49},"skip":true}]},"18":{"line":258,"type":"if","locations":[{"start":{"line":258,"column":8},"end":{"line":258,"column":8},"skip":true},{"start":{"line":258,"column":8},"end":{"line":258,"column":8},"skip":true}]},"19":{"line":275,"type":"switch","locations":[{"start":{"line":276,"column":20},"end":{"line":277,"column":64},"skip":true},{"start":{"line":278,"column":20},"end":{"line":279,"column":40},"skip":true},{"start":{"line":280,"column":20},"end":{"line":281,"column":40},"skip":true},{"start":{"line":282,"column":20},"end":{"line":283,"column":39},"skip":true}]},"20":{"line":288,"type":"if","locations":[{"start":{"line":288,"column":8},"end":{"line":288,"column":8},"skip":true},{"start":{"line":288,"column":8},"end":{"line":288,"column":8},"skip":true}]},"21":{"line":288,"type":"binary-expr","locations":[{"start":{"line":288,"column":12},"end":{"line":288,"column":40},"skip":true},{"start":{"line":288,"column":44},"end":{"line":288,"column":67},"skip":true}]},"22":{"line":292,"type":"binary-expr","locations":[{"start":{"line":292,"column":12},"end":{"line":292,"column":50},"skip":true},{"start":{"line":293,"column":12},"end":{"line":293,"column":53},"skip":true}]},"23":{"line":295,"type":"binary-expr","locations":[{"start":{"line":295,"column":12},"end":{"line":295,"column":69},"skip":true},{"start":{"line":296,"column":12},"end":{"line":301,"column":36},"skip":true}]},"24":{"line":302,"type":"binary-expr","locations":[{"start":{"line":302,"column":43},"end":{"line":302,"column":75},"skip":true},{"start":{"line":302,"column":79},"end":{"line":302,"column":81},"skip":true}]},"25":{"line":305,"type":"if","locations":[{"start":{"line":305,"column":8},"end":{"line":305,"column":8},"skip":true},{"start":{"line":305,"column":8},"end":{"line":305,"column":8},"skip":true}]},"26":{"line":309,"type":"if","locations":[{"start":{"line":309,"column":8},"end":{"line":309,"column":8},"skip":true},{"start":{"line":309,"column":8},"end":{"line":309,"column":8},"skip":true}]},"27":{"line":312,"type":"binary-expr","locations":[{"start":{"line":312,"column":27},"end":{"line":312,"column":43},"skip":true},{"start":{"line":312,"column":47},"end":{"line":312,"column":53},"skip":true}]},"28":{"line":316,"type":"if","locations":[{"start":{"line":316,"column":12},"end":{"line":316,"column":12},"skip":true},{"start":{"line":316,"column":12},"end":{"line":316,"column":12},"skip":true}]}},"code":["/*","example.js","","quickstart example","","instruction","    1. save this script as example.js","    2. run the shell command:","        $ npm install npmtest-virtual-dom && PORT=8081 node example.js","    3. play with the browser-demo on http://127.0.0.1:8081","*/","","","","/* istanbul instrument in package npmtest_virtual_dom */","/*jslint","    bitwise: true,","    browser: true,","    maxerr: 8,","    maxlen: 96,","    node: true,","    nomen: true,","    regexp: true,","    stupid: true","*/","(function () {","    'use strict';","    var local;","","","","    // run shared js-env code - pre-init","    (function () {","        // init local","        local = {};","        // init modeJs","        local.modeJs = (function () {","            try {","                return typeof navigator.userAgent === 'string' &&","                    typeof document.querySelector('body') === 'object' &&","                    typeof XMLHttpRequest.prototype.open === 'function' &&","                    'browser';","            } catch (errorCaughtBrowser) {","                return module.exports &&","                    typeof process.versions.node === 'string' &&","                    typeof require('http').createServer === 'function' &&","                    'node';","            }","        }());","        // init global","        local.global = local.modeJs === 'browser'","            ? window","            : global;","        // init utility2_rollup","        local = local.global.utility2_rollup || (local.modeJs === 'browser'","            ? local.global.utility2_npmtest_virtual_dom","            : global.utility2_moduleExports);","        // export local","        local.global.local = local;","    }());","    switch (local.modeJs) {","","","","    // post-init","    // run browser js-env code - post-init","    /* istanbul ignore next */","    case 'browser':","        local.testRunBrowser = function (event) {","            if (!event || (event &&","                    event.currentTarget &&","                    event.currentTarget.className &&","                    event.currentTarget.className.includes &&","                    event.currentTarget.className.includes('onreset'))) {","                // reset output","                Array.from(","                    document.querySelectorAll('body > .resettable')","                ).forEach(function (element) {","                    switch (element.tagName) {","                    case 'INPUT':","                    case 'TEXTAREA':","                        element.value = '';","                        break;","                    default:","                        element.textContent = '';","                    }","                });","            }","            switch (event && event.currentTarget && event.currentTarget.id) {","            case 'testRunButton1':","                // show tests","                if (document.querySelector('#testReportDiv1').style.display === 'none') {","                    document.querySelector('#testReportDiv1').style.display = 'block';","                    document.querySelector('#testRunButton1').textContent =","                        'hide internal test';","                    local.modeTest = true;","                    local.testRunDefault(local);","                // hide tests","                } else {","                    document.querySelector('#testReportDiv1').style.display = 'none';","                    document.querySelector('#testRunButton1').textContent = 'run internal test';","                }","                break;","            // custom-case","            default:","                break;","            }","            if (document.querySelector('#inputTextareaEval1') && (!event || (event &&","                    event.currentTarget &&","                    event.currentTarget.className &&","                    event.currentTarget.className.includes &&","                    event.currentTarget.className.includes('oneval')))) {","                // try to eval input-code","                try {","                    /*jslint evil: true*/","                    eval(document.querySelector('#inputTextareaEval1').value);","                } catch (errorCaught) {","                    console.error(errorCaught.stack);","                }","            }","        };","        // log stderr and stdout to #outputTextareaStdout1","        ['error', 'log'].forEach(function (key) {","            console[key + '_original'] = console[key];","            console[key] = function () {","                var element;","                console[key + '_original'].apply(console, arguments);","                element = document.querySelector('#outputTextareaStdout1');","                if (!element) {","                    return;","                }","                // append text to #outputTextareaStdout1","                element.value += Array.from(arguments).map(function (arg) {","                    return typeof arg === 'string'","                        ? arg","                        : JSON.stringify(arg, null, 4);","                }).join(' ') + '\\n';","                // scroll textarea to bottom","                element.scrollTop = element.scrollHeight;","            };","        });","        // init event-handling","        ['change', 'click', 'keyup'].forEach(function (event) {","            Array.from(document.querySelectorAll('.on' + event)).forEach(function (element) {","                element.addEventListener(event, local.testRunBrowser);","            });","        });","        // run tests","        local.testRunBrowser();","        break;","","","","    // run node js-env code - post-init","    /* istanbul ignore next */","    case 'node':","        // export local","        module.exports = local;","        // require modules","        local.fs = require('fs');","        local.http = require('http');","        local.url = require('url');","        // init assets","        local.assetsDict = local.assetsDict || {};","        /* jslint-ignore-begin */","        local.assetsDict['/assets.index.template.html'] = '\\","<!doctype html>\\n\\","<html lang=\"en\">\\n\\","<head>\\n\\","<meta charset=\"UTF-8\">\\n\\","<meta name=\"viewport\" content=\"width=device-width, initial-scale=1\">\\n\\","<title>{{env.npm_package_name}} (v{{env.npm_package_version}})</title>\\n\\","<style>\\n\\","/*csslint\\n\\","    box-sizing: false,\\n\\","    universal-selector: false\\n\\","*/\\n\\","* {\\n\\","    box-sizing: border-box;\\n\\","}\\n\\","body {\\n\\","    background: #dde;\\n\\","    font-family: Arial, Helvetica, sans-serif;\\n\\","    margin: 2rem;\\n\\","}\\n\\","body > * {\\n\\","    margin-bottom: 1rem;\\n\\","}\\n\\",".utility2FooterDiv {\\n\\","    margin-top: 20px;\\n\\","    text-align: center;\\n\\","}\\n\\","</style>\\n\\","<style>\\n\\","/*csslint\\n\\","*/\\n\\","textarea {\\n\\","    font-family: monospace;\\n\\","    height: 10rem;\\n\\","    width: 100%;\\n\\","}\\n\\","textarea[readonly] {\\n\\","    background: #ddd;\\n\\","}\\n\\","</style>\\n\\","</head>\\n\\","<body>\\n\\","<!-- utility2-comment\\n\\","<div id=\"ajaxProgressDiv1\" style=\"background: #d00; height: 2px; left: 0; margin: 0; padding: 0; position: fixed; top: 0; transition: background 0.5s, width 1.5s; width: 25%;\"></div>\\n\\","utility2-comment -->\\n\\","<h1>\\n\\","<!-- utility2-comment\\n\\","    <a\\n\\","        {{#if env.npm_package_homepage}}\\n\\","        href=\"{{env.npm_package_homepage}}\"\\n\\","        {{/if env.npm_package_homepage}}\\n\\","        target=\"_blank\"\\n\\","    >\\n\\","utility2-comment -->\\n\\","        {{env.npm_package_name}} (v{{env.npm_package_version}})\\n\\","<!-- utility2-comment\\n\\","    </a>\\n\\","utility2-comment -->\\n\\","</h1>\\n\\","<h3>{{env.npm_package_description}}</h3>\\n\\","<!-- utility2-comment\\n\\","<h4><a download href=\"assets.app.js\">download standalone app</a></h4>\\n\\","<button class=\"onclick onreset\" id=\"testRunButton1\">run internal test</button><br>\\n\\","<div id=\"testReportDiv1\" style=\"display: none;\"></div>\\n\\","utility2-comment -->\\n\\","\\n\\","\\n\\","\\n\\","<label>stderr and stdout</label>\\n\\","<textarea class=\"resettable\" id=\"outputTextareaStdout1\" readonly></textarea>\\n\\","<!-- utility2-comment\\n\\","{{#if isRollup}}\\n\\","<script src=\"assets.app.js\"></script>\\n\\","{{#unless isRollup}}\\n\\","utility2-comment -->\\n\\","<script src=\"assets.utility2.rollup.js\"></script>\\n\\","<script src=\"jsonp.utility2._stateInit?callback=window.utility2._stateInit\"></script>\\n\\","<script src=\"assets.npmtest_virtual_dom.rollup.js\"></script>\\n\\","<script src=\"assets.example.js\"></script>\\n\\","<script src=\"assets.test.js\"></script>\\n\\","<!-- utility2-comment\\n\\","{{/if isRollup}}\\n\\","utility2-comment -->\\n\\","<div class=\"utility2FooterDiv\">\\n\\","    [ this app was created with\\n\\","    <a href=\"https://github.com/kaizhu256/node-utility2\" target=\"_blank\">utility2</a>\\n\\","    ]\\n\\","</div>\\n\\","</body>\\n\\","</html>\\n\\","';","        /* jslint-ignore-end */","        if (local.templateRender) {","            local.assetsDict['/'] = local.templateRender(","                local.assetsDict['/assets.index.template.html'],","                {","                    env: local.objectSetDefault(local.env, {","                        npm_package_description: 'the greatest app in the world!',","                        npm_package_name: 'my-app',","                        npm_package_nameAlias: 'my_app',","                        npm_package_version: '0.0.1'","                    })","                }","            );","        } else {","            local.assetsDict['/'] = local.assetsDict['/assets.index.template.html']","                .replace((/\\{\\{env\\.(\\w+?)\\}\\}/g), function (match0, match1) {","                    // jslint-hack","                    String(match0);","                    switch (match1) {","                    case 'npm_package_description':","                        return 'the greatest app in the world!';","                    case 'npm_package_name':","                        return 'my-app';","                    case 'npm_package_nameAlias':","                        return 'my_app';","                    case 'npm_package_version':","                        return '0.0.1';","                    }","                });","        }","        // run the cli","        if (local.global.utility2_rollup || module !== require.main) {","            break;","        }","        local.assetsDict['/assets.example.js'] =","            local.assetsDict['/assets.example.js'] ||","            local.fs.readFileSync(__filename, 'utf8');","        local.assetsDict['/assets.npmtest_virtual_dom.rollup.js'] =","            local.assetsDict['/assets.npmtest_virtual_dom.rollup.js'] ||","            local.fs.readFileSync(","                // buildCustomOrg-hack","                local.npmtest_virtual_dom.__dirname +","                    '/lib.npmtest_virtual_dom.js',","                'utf8'","            ).replace((/^#!/), '//');","        local.assetsDict['/favicon.ico'] = local.assetsDict['/favicon.ico'] || '';","        // if $npm_config_timeout_exit exists,","        // then exit this process after $npm_config_timeout_exit ms","        if (Number(process.env.npm_config_timeout_exit)) {","            setTimeout(process.exit, Number(process.env.npm_config_timeout_exit));","        }","        // start server","        if (local.global.utility2_serverHttp1) {","            break;","        }","        process.env.PORT = process.env.PORT || '8081';","        console.error('server starting on port ' + process.env.PORT);","        local.http.createServer(function (request, response) {","            request.urlParsed = local.url.parse(request.url);","            if (local.assetsDict[request.urlParsed.pathname] !== undefined) {","                response.end(local.assetsDict[request.urlParsed.pathname]);","                return;","            }","            response.statusCode = 404;","            response.end();","        }).listen(process.env.PORT);","        break;","    }","}());",""],"l":{"26":2,"28":2,"33":2,"35":2,"37":2,"38":2,"39":2,"44":1,"51":2,"55":2,"59":2,"61":2,"69":1,"70":2,"76":2,"79":2,"82":2,"83":2,"85":1,"89":2,"92":1,"93":1,"94":1,"96":1,"97":1,"100":1,"101":1,"103":1,"106":1,"108":2,"114":1,"116":1,"118":1,"123":1,"124":2,"125":2,"126":2,"127":2,"128":2,"129":2,"130":1,"133":2,"134":2,"139":2,"143":1,"144":3,"145":1,"149":1,"150":1,"158":1,"160":1,"161":1,"162":1,"164":1,"166":1,"258":1,"259":1,"271":1,"274":6,"275":6,"277":1,"279":2,"281":1,"283":2,"288":1,"289":1,"291":1,"294":1,"302":1,"305":1,"306":1,"309":1,"310":1,"312":1,"313":1,"314":1,"315":1,"316":1,"317":1,"318":1,"320":1,"321":1,"323":1}},"/home/travis/build/npmtest/node-npmtest-virtual-dom/virtual-dom/index.js":{"path":"/home/travis/build/npmtest/node-npmtest-virtual-dom/virtual-dom/index.js","s":{"1":1,"2":1,"3":1,"4":1,"5":1,"6":1,"7":1},"b":{},"f":{},"fnMap":{},"statementMap":{"1":{"start":{"line":1,"column":0},"end":{"line":1,"column":31}},"2":{"start":{"line":2,"column":0},"end":{"line":2,"column":33}},"3":{"start":{"line":3,"column":0},"end":{"line":3,"column":25}},"4":{"start":{"line":4,"column":0},"end":{"line":4,"column":43}},"5":{"start":{"line":5,"column":0},"end":{"line":5,"column":39}},"6":{"start":{"line":6,"column":0},"end":{"line":6,"column":39}},"7":{"start":{"line":8,"column":0},"end":{"line":15,"column":1}}},"branchMap":{},"code":["var diff = require(\"./diff.js\")","var patch = require(\"./patch.js\")","var h = require(\"./h.js\")","var create = require(\"./create-element.js\")","var VNode = require('./vnode/vnode.js')","var VText = require('./vnode/vtext.js')","","module.exports = {","    diff: diff,","    patch: patch,","    h: h,","    create: create,","    VNode: VNode,","    VText: VText","}",""],"l":{"1":1,"2":1,"3":1,"4":1,"5":1,"6":1,"8":1}},"/home/travis/build/npmtest/node-npmtest-virtual-dom/virtual-dom/diff.js":{"path":"/home/travis/build/npmtest/node-npmtest-virtual-dom/virtual-dom/diff.js","s":{"1":1,"2":1},"b":{},"f":{},"fnMap":{},"statementMap":{"1":{"start":{"line":1,"column":0},"end":{"line":1,"column":37}},"2":{"start":{"line":3,"column":0},"end":{"line":3,"column":21}}},"branchMap":{},"code":["var diff = require(\"./vtree/diff.js\")","","module.exports = diff",""],"l":{"1":1,"3":1}},"/home/travis/build/npmtest/node-npmtest-virtual-dom/virtual-dom/vtree/diff.js":{"path":"/home/travis/build/npmtest/node-npmtest-virtual-dom/virtual-dom/vtree/diff.js","s":{"1":1,"2":1,"3":1,"4":1,"5":1,"6":1,"7":1,"8":1,"9":1,"10":1,"11":0,"12":0,"13":0,"14":1,"15":0,"16":0,"17":0,"18":0,"19":0,"20":0,"21":0,"22":0,"23":0,"24":0,"25":0,"26":0,"27":0,"28":0,"29":0,"30":0,"31":0,"32":0,"33":0,"34":0,"35":0,"36":0,"37":0,"38":0,"39":0,"40":0,"41":0,"42":0,"43":0,"44":0,"45":0,"46":0,"47":0,"48":0,"49":0,"50":0,"51":1,"52":0,"53":0,"54":0,"55":0,"56":0,"57":0,"58":0,"59":0,"60":0,"61":0,"62":0,"63":0,"64":0,"65":0,"66":0,"67":0,"68":0,"69":0,"70":0,"71":1,"72":0,"73":0,"74":1,"75":0,"76":0,"77":0,"78":0,"79":0,"80":0,"81":0,"82":0,"83":0,"84":0,"85":0,"86":0,"87":0,"88":0,"89":1,"90":0,"91":0,"92":0,"93":0,"94":1,"95":0,"96":0,"97":0,"98":0,"99":1,"100":0,"101":0,"102":0,"103":0,"104":0,"105":0,"106":0,"107":0,"108":0,"109":0,"110":0,"111":0,"112":0,"113":0,"114":1,"115":0,"116":0,"117":0,"118":0,"119":1,"120":0,"121":0,"122":0,"123":0,"124":0,"125":0,"126":0,"127":0,"128":0,"129":0,"130":0,"131":0,"132":0,"133":0,"134":0,"135":0,"136":0,"137":0,"138":0,"139":0,"140":0,"141":0,"142":0,"143":0,"144":0,"145":0,"146":0,"147":0,"148":0,"149":0,"150":0,"151":0,"152":0,"153":0,"154":0,"155":0,"156":0,"157":0,"158":0,"159":0,"160":0,"161":0,"162":0,"163":0,"164":0,"165":0,"166":0,"167":0,"168":0,"169":0,"170":0,"171":0,"172":0,"173":0,"174":0,"175":0,"176":0,"177":0,"178":0,"179":0,"180":0,"181":0,"182":0,"183":0,"184":0,"185":0,"186":0,"187":0,"188":0,"189":1,"190":0,"191":0,"192":1,"193":0,"194":0,"195":0,"196":0,"197":0,"198":0,"199":0,"200":0,"201":0,"202":1,"203":0,"204":0,"205":0,"206":0,"207":0,"208":0},"b":{"1":[0,0],"2":[0,0],"3":[0,0],"4":[0,0],"5":[0,0],"6":[0,0],"7":[0,0],"8":[0,0],"9":[0,0,0],"10":[0,0],"11":[0,0],"12":[0,0],"13":[0,0],"14":[0,0],"15":[0,0],"16":[0,0],"17":[0,0],"18":[0,0],"19":[0,0],"20":[0,0],"21":[0,0],"22":[0,0],"23":[0,0],"24":[0,0],"25":[0,0],"26":[0,0],"27":[0,0,0],"28":[0,0],"29":[0,0],"30":[0,0],"31":[0,0],"32":[0,0],"33":[0,0],"34":[0,0],"35":[0,0],"36":[0,0],"37":[0,0],"38":[0,0],"39":[0,0],"40":[0,0],"41":[0,0],"42":[0,0],"43":[0,0],"44":[0,0],"45":[0,0],"46":[0,0],"47":[0,0],"48":[0,0],"49":[0,0],"50":[0,0],"51":[0,0],"52":[0,0],"53":[0,0],"54":[0,0],"55":[0,0],"56":[0,0],"57":[0,0],"58":[0,0],"59":[0,0],"60":[0,0],"61":[0,0],"62":[0,0],"63":[0,0],"64":[0,0],"65":[0,0]},"f":{"1":0,"2":0,"3":0,"4":0,"5":0,"6":0,"7":0,"8":0,"9":0,"10":0,"11":0,"12":0,"13":0},"fnMap":{"1":{"name":"diff","line":14,"loc":{"start":{"line":14,"column":0},"end":{"line":14,"column":20}}},"2":{"name":"walk","line":20,"loc":{"start":{"line":20,"column":0},"end":{"line":20,"column":34}}},"3":{"name":"diffChildren","line":84,"loc":{"start":{"line":84,"column":0},"end":{"line":84,"column":49}}},"4":{"name":"clearState","line":125,"loc":{"start":{"line":125,"column":0},"end":{"line":125,"column":41}}},"5":{"name":"destroyWidgets","line":133,"loc":{"start":{"line":133,"column":0},"end":{"line":133,"column":45}}},"6":{"name":"thunks","line":160,"loc":{"start":{"line":160,"column":0},"end":{"line":160,"column":36}}},"7":{"name":"hasPatches","line":168,"loc":{"start":{"line":168,"column":0},"end":{"line":168,"column":27}}},"8":{"name":"unhook","line":179,"loc":{"start":{"line":179,"column":0},"end":{"line":179,"column":37}}},"9":{"name":"undefinedKeys","line":211,"loc":{"start":{"line":211,"column":0},"end":{"line":211,"column":28}}},"10":{"name":"reorder","line":222,"loc":{"start":{"line":222,"column":0},"end":{"line":222,"column":39}}},"11":{"name":"remove","line":385,"loc":{"start":{"line":385,"column":0},"end":{"line":385,"column":33}}},"12":{"name":"keyIndex","line":394,"loc":{"start":{"line":394,"column":0},"end":{"line":394,"column":28}}},"13":{"name":"appendPatch","line":415,"loc":{"start":{"line":415,"column":0},"end":{"line":415,"column":35}}}},"statementMap":{"1":{"start":{"line":1,"column":0},"end":{"line":1,"column":35}},"2":{"start":{"line":3,"column":0},"end":{"line":3,"column":39}},"3":{"start":{"line":4,"column":0},"end":{"line":4,"column":42}},"4":{"start":{"line":5,"column":0},"end":{"line":5,"column":42}},"5":{"start":{"line":6,"column":0},"end":{"line":6,"column":44}},"6":{"start":{"line":7,"column":0},"end":{"line":7,"column":42}},"7":{"start":{"line":8,"column":0},"end":{"line":8,"column":50}},"8":{"start":{"line":10,"column":0},"end":{"line":10,"column":39}},"9":{"start":{"line":12,"column":0},"end":{"line":12,"column":21}},"10":{"start":{"line":14,"column":0},"end":{"line":18,"column":1}},"11":{"start":{"line":15,"column":4},"end":{"line":15,"column":24}},"12":{"start":{"line":16,"column":4},"end":{"line":16,"column":24}},"13":{"start":{"line":17,"column":4},"end":{"line":17,"column":16}},"14":{"start":{"line":20,"column":0},"end":{"line":82,"column":1}},"15":{"start":{"line":21,"column":4},"end":{"line":23,"column":5}},"16":{"start":{"line":22,"column":8},"end":{"line":22,"column":14}},"17":{"start":{"line":25,"column":4},"end":{"line":25,"column":28}},"18":{"start":{"line":26,"column":4},"end":{"line":26,"column":26}},"19":{"start":{"line":28,"column":4},"end":{"line":73,"column":5}},"20":{"start":{"line":29,"column":8},"end":{"line":29,"column":34}},"21":{"start":{"line":30,"column":11},"end":{"line":73,"column":5}},"22":{"start":{"line":35,"column":8},"end":{"line":38,"column":9}},"23":{"start":{"line":36,"column":12},"end":{"line":36,"column":39}},"24":{"start":{"line":37,"column":12},"end":{"line":37,"column":32}},"25":{"start":{"line":40,"column":8},"end":{"line":40,"column":67}},"26":{"start":{"line":41,"column":11},"end":{"line":73,"column":5}},"27":{"start":{"line":42,"column":8},"end":{"line":59,"column":9}},"28":{"start":{"line":43,"column":12},"end":{"line":55,"column":13}},"29":{"start":{"line":46,"column":16},"end":{"line":46,"column":70}},"30":{"start":{"line":47,"column":16},"end":{"line":50,"column":17}},"31":{"start":{"line":48,"column":20},"end":{"line":49,"column":64}},"32":{"start":{"line":51,"column":16},"end":{"line":51,"column":63}},"33":{"start":{"line":53,"column":16},"end":{"line":53,"column":74}},"34":{"start":{"line":54,"column":16},"end":{"line":54,"column":33}},"35":{"start":{"line":57,"column":12},"end":{"line":57,"column":70}},"36":{"start":{"line":58,"column":12},"end":{"line":58,"column":29}},"37":{"start":{"line":60,"column":11},"end":{"line":73,"column":5}},"38":{"start":{"line":61,"column":8},"end":{"line":66,"column":9}},"39":{"start":{"line":62,"column":12},"end":{"line":62,"column":70}},"40":{"start":{"line":63,"column":12},"end":{"line":63,"column":29}},"41":{"start":{"line":64,"column":15},"end":{"line":66,"column":9}},"42":{"start":{"line":65,"column":12},"end":{"line":65,"column":70}},"43":{"start":{"line":67,"column":11},"end":{"line":73,"column":5}},"44":{"start":{"line":68,"column":8},"end":{"line":70,"column":9}},"45":{"start":{"line":69,"column":12},"end":{"line":69,"column":29}},"46":{"start":{"line":72,"column":8},"end":{"line":72,"column":67}},"47":{"start":{"line":75,"column":4},"end":{"line":77,"column":5}},"48":{"start":{"line":76,"column":8},"end":{"line":76,"column":28}},"49":{"start":{"line":79,"column":4},"end":{"line":81,"column":5}},"50":{"start":{"line":80,"column":8},"end":{"line":80,"column":35}},"51":{"start":{"line":84,"column":0},"end":{"line":123,"column":1}},"52":{"start":{"line":85,"column":4},"end":{"line":85,"column":30}},"53":{"start":{"line":86,"column":4},"end":{"line":86,"column":51}},"54":{"start":{"line":87,"column":4},"end":{"line":87,"column":39}},"55":{"start":{"line":89,"column":4},"end":{"line":89,"column":31}},"56":{"start":{"line":90,"column":4},"end":{"line":90,"column":31}},"57":{"start":{"line":91,"column":4},"end":{"line":91,"column":39}},"58":{"start":{"line":93,"column":4},"end":{"line":111,"column":5}},"59":{"start":{"line":94,"column":8},"end":{"line":94,"column":35}},"60":{"start":{"line":95,"column":8},"end":{"line":95,"column":36}},"61":{"start":{"line":96,"column":8},"end":{"line":96,"column":18}},"62":{"start":{"line":98,"column":8},"end":{"line":106,"column":9}},"63":{"start":{"line":99,"column":12},"end":{"line":103,"column":13}},"64":{"start":{"line":101,"column":16},"end":{"line":102,"column":63}},"65":{"start":{"line":105,"column":12},"end":{"line":105,"column":51}},"66":{"start":{"line":108,"column":8},"end":{"line":110,"column":9}},"67":{"start":{"line":109,"column":12},"end":{"line":109,"column":35}},"68":{"start":{"line":113,"column":4},"end":{"line":120,"column":5}},"69":{"start":{"line":115,"column":8},"end":{"line":119,"column":10}},"70":{"start":{"line":122,"column":4},"end":{"line":122,"column":16}},"71":{"start":{"line":125,"column":0},"end":{"line":129,"column":1}},"72":{"start":{"line":127,"column":4},"end":{"line":127,"column":31}},"73":{"start":{"line":128,"column":4},"end":{"line":128,"column":39}},"74":{"start":{"line":133,"column":0},"end":{"line":157,"column":1}},"75":{"start":{"line":134,"column":4},"end":{"line":156,"column":5}},"76":{"start":{"line":135,"column":8},"end":{"line":140,"column":9}},"77":{"start":{"line":136,"column":12},"end":{"line":139,"column":13}},"78":{"start":{"line":141,"column":11},"end":{"line":156,"column":5}},"79":{"start":{"line":142,"column":8},"end":{"line":142,"column":37}},"80":{"start":{"line":143,"column":8},"end":{"line":143,"column":33}},"81":{"start":{"line":144,"column":8},"end":{"line":153,"column":9}},"82":{"start":{"line":145,"column":12},"end":{"line":145,"column":35}},"83":{"start":{"line":146,"column":12},"end":{"line":146,"column":22}},"84":{"start":{"line":148,"column":12},"end":{"line":148,"column":47}},"85":{"start":{"line":150,"column":12},"end":{"line":152,"column":13}},"86":{"start":{"line":151,"column":16},"end":{"line":151,"column":36}},"87":{"start":{"line":154,"column":11},"end":{"line":156,"column":5}},"88":{"start":{"line":155,"column":8},"end":{"line":155,"column":41}},"89":{"start":{"line":160,"column":0},"end":{"line":166,"column":1}},"90":{"start":{"line":161,"column":4},"end":{"line":161,"column":33}},"91":{"start":{"line":162,"column":4},"end":{"line":162,"column":43}},"92":{"start":{"line":163,"column":4},"end":{"line":165,"column":5}},"93":{"start":{"line":164,"column":8},"end":{"line":164,"column":65}},"94":{"start":{"line":168,"column":0},"end":{"line":176,"column":1}},"95":{"start":{"line":169,"column":4},"end":{"line":173,"column":5}},"96":{"start":{"line":170,"column":8},"end":{"line":172,"column":9}},"97":{"start":{"line":171,"column":12},"end":{"line":171,"column":23}},"98":{"start":{"line":175,"column":4},"end":{"line":175,"column":16}},"99":{"start":{"line":179,"column":0},"end":{"line":209,"column":1}},"100":{"start":{"line":180,"column":4},"end":{"line":208,"column":5}},"101":{"start":{"line":181,"column":8},"end":{"line":190,"column":9}},"102":{"start":{"line":182,"column":12},"end":{"line":189,"column":13}},"103":{"start":{"line":192,"column":8},"end":{"line":205,"column":9}},"104":{"start":{"line":193,"column":12},"end":{"line":193,"column":41}},"105":{"start":{"line":194,"column":12},"end":{"line":194,"column":37}},"106":{"start":{"line":195,"column":12},"end":{"line":204,"column":13}},"107":{"start":{"line":196,"column":16},"end":{"line":196,"column":39}},"108":{"start":{"line":197,"column":16},"end":{"line":197,"column":26}},"109":{"start":{"line":199,"column":16},"end":{"line":199,"column":43}},"110":{"start":{"line":201,"column":16},"end":{"line":203,"column":17}},"111":{"start":{"line":202,"column":20},"end":{"line":202,"column":40}},"112":{"start":{"line":206,"column":11},"end":{"line":208,"column":5}},"113":{"start":{"line":207,"column":8},"end":{"line":207,"column":41}},"114":{"start":{"line":211,"column":0},"end":{"line":219,"column":1}},"115":{"start":{"line":212,"column":4},"end":{"line":212,"column":19}},"116":{"start":{"line":214,"column":4},"end":{"line":216,"column":5}},"117":{"start":{"line":215,"column":8},"end":{"line":215,"column":31}},"118":{"start":{"line":218,"column":4},"end":{"line":218,"column":17}},"119":{"start":{"line":222,"column":0},"end":{"line":383,"column":1}},"120":{"start":{"line":224,"column":4},"end":{"line":224,"column":41}},"121":{"start":{"line":225,"column":4},"end":{"line":225,"column":32}},"122":{"start":{"line":226,"column":4},"end":{"line":226,"column":32}},"123":{"start":{"line":228,"column":4},"end":{"line":233,"column":5}},"124":{"start":{"line":229,"column":8},"end":{"line":232,"column":9}},"125":{"start":{"line":236,"column":4},"end":{"line":236,"column":41}},"126":{"start":{"line":237,"column":4},"end":{"line":237,"column":32}},"127":{"start":{"line":238,"column":4},"end":{"line":238,"column":32}},"128":{"start":{"line":240,"column":4},"end":{"line":245,"column":5}},"129":{"start":{"line":241,"column":8},"end":{"line":244,"column":9}},"130":{"start":{"line":248,"column":4},"end":{"line":248,"column":24}},"131":{"start":{"line":250,"column":4},"end":{"line":250,"column":21}},"132":{"start":{"line":251,"column":4},"end":{"line":251,"column":32}},"133":{"start":{"line":252,"column":4},"end":{"line":252,"column":24}},"134":{"start":{"line":256,"column":4},"end":{"line":284,"column":5}},"135":{"start":{"line":257,"column":8},"end":{"line":257,"column":32}},"136":{"start":{"line":258,"column":8},"end":{"line":258,"column":21}},"137":{"start":{"line":260,"column":8},"end":{"line":283,"column":9}},"138":{"start":{"line":261,"column":12},"end":{"line":270,"column":13}},"139":{"start":{"line":263,"column":16},"end":{"line":263,"column":44}},"140":{"start":{"line":264,"column":16},"end":{"line":264,"column":54}},"141":{"start":{"line":268,"column":16},"end":{"line":268,"column":46}},"142":{"start":{"line":269,"column":16},"end":{"line":269,"column":38}},"143":{"start":{"line":273,"column":12},"end":{"line":282,"column":13}},"144":{"start":{"line":274,"column":16},"end":{"line":274,"column":46}},"145":{"start":{"line":275,"column":16},"end":{"line":275,"column":54}},"146":{"start":{"line":280,"column":16},"end":{"line":280,"column":46}},"147":{"start":{"line":281,"column":16},"end":{"line":281,"column":38}},"148":{"start":{"line":286,"column":4},"end":{"line":288,"column":24}},"149":{"start":{"line":292,"column":4},"end":{"line":306,"column":5}},"150":{"start":{"line":293,"column":8},"end":{"line":293,"column":34}},"151":{"start":{"line":295,"column":8},"end":{"line":305,"column":9}},"152":{"start":{"line":296,"column":12},"end":{"line":301,"column":13}},"153":{"start":{"line":300,"column":16},"end":{"line":300,"column":41}},"154":{"start":{"line":302,"column":15},"end":{"line":305,"column":9}},"155":{"start":{"line":304,"column":12},"end":{"line":304,"column":37}},"156":{"start":{"line":308,"column":4},"end":{"line":308,"column":38}},"157":{"start":{"line":309,"column":4},"end":{"line":309,"column":25}},"158":{"start":{"line":310,"column":4},"end":{"line":310,"column":20}},"159":{"start":{"line":311,"column":4},"end":{"line":311,"column":20}},"160":{"start":{"line":312,"column":4},"end":{"line":312,"column":20}},"161":{"start":{"line":314,"column":4},"end":{"line":359,"column":5}},"162":{"start":{"line":315,"column":8},"end":{"line":315,"column":37}},"163":{"start":{"line":316,"column":8},"end":{"line":316,"column":46}},"164":{"start":{"line":319,"column":8},"end":{"line":322,"column":9}},"165":{"start":{"line":320,"column":12},"end":{"line":320,"column":63}},"166":{"start":{"line":321,"column":12},"end":{"line":321,"column":50}},"167":{"start":{"line":324,"column":8},"end":{"line":358,"column":9}},"168":{"start":{"line":326,"column":12},"end":{"line":353,"column":13}},"169":{"start":{"line":327,"column":16},"end":{"line":347,"column":17}},"170":{"start":{"line":329,"column":20},"end":{"line":343,"column":21}},"171":{"start":{"line":330,"column":24},"end":{"line":330,"column":87}},"172":{"start":{"line":331,"column":24},"end":{"line":331,"column":62}},"173":{"start":{"line":333,"column":24},"end":{"line":339,"column":25}},"174":{"start":{"line":334,"column":28},"end":{"line":334,"column":70}},"175":{"start":{"line":338,"column":28},"end":{"line":338,"column":43}},"176":{"start":{"line":342,"column":24},"end":{"line":342,"column":66}},"177":{"start":{"line":346,"column":20},"end":{"line":346,"column":62}},"178":{"start":{"line":348,"column":16},"end":{"line":348,"column":19}},"179":{"start":{"line":351,"column":17},"end":{"line":353,"column":13}},"180":{"start":{"line":352,"column":16},"end":{"line":352,"column":79}},"181":{"start":{"line":356,"column":12},"end":{"line":356,"column":27}},"182":{"start":{"line":357,"column":12},"end":{"line":357,"column":15}},"183":{"start":{"line":362,"column":4},"end":{"line":365,"column":5}},"184":{"start":{"line":363,"column":8},"end":{"line":363,"column":46}},"185":{"start":{"line":364,"column":8},"end":{"line":364,"column":87}},"186":{"start":{"line":369,"column":4},"end":{"line":374,"column":5}},"187":{"start":{"line":370,"column":8},"end":{"line":373,"column":9}},"188":{"start":{"line":376,"column":4},"end":{"line":382,"column":5}},"189":{"start":{"line":385,"column":0},"end":{"line":392,"column":1}},"190":{"start":{"line":386,"column":4},"end":{"line":386,"column":24}},"191":{"start":{"line":388,"column":4},"end":{"line":391,"column":5}},"192":{"start":{"line":394,"column":0},"end":{"line":413,"column":1}},"193":{"start":{"line":395,"column":4},"end":{"line":395,"column":17}},"194":{"start":{"line":396,"column":4},"end":{"line":396,"column":17}},"195":{"start":{"line":397,"column":4},"end":{"line":397,"column":32}},"196":{"start":{"line":399,"column":4},"end":{"line":407,"column":5}},"197":{"start":{"line":400,"column":8},"end":{"line":400,"column":31}},"198":{"start":{"line":402,"column":8},"end":{"line":406,"column":9}},"199":{"start":{"line":403,"column":12},"end":{"line":403,"column":31}},"200":{"start":{"line":405,"column":12},"end":{"line":405,"column":24}},"201":{"start":{"line":409,"column":4},"end":{"line":412,"column":5}},"202":{"start":{"line":415,"column":0},"end":{"line":427,"column":1}},"203":{"start":{"line":416,"column":4},"end":{"line":426,"column":5}},"204":{"start":{"line":417,"column":8},"end":{"line":421,"column":9}},"205":{"start":{"line":418,"column":12},"end":{"line":418,"column":29}},"206":{"start":{"line":420,"column":12},"end":{"line":420,"column":34}},"207":{"start":{"line":423,"column":8},"end":{"line":423,"column":20}},"208":{"start":{"line":425,"column":8},"end":{"line":425,"column":20}}},"branchMap":{"1":{"line":21,"type":"if","locations":[{"start":{"line":21,"column":4},"end":{"line":21,"column":4}},{"start":{"line":21,"column":4},"end":{"line":21,"column":4}}]},"2":{"line":28,"type":"if","locations":[{"start":{"line":28,"column":4},"end":{"line":28,"column":4}},{"start":{"line":28,"column":4},"end":{"line":28,"column":4}}]},"3":{"line":28,"type":"binary-expr","locations":[{"start":{"line":28,"column":8},"end":{"line":28,"column":18}},{"start":{"line":28,"column":22},"end":{"line":28,"column":32}}]},"4":{"line":30,"type":"if","locations":[{"start":{"line":30,"column":11},"end":{"line":30,"column":11}},{"start":{"line":30,"column":11},"end":{"line":30,"column":11}}]},"5":{"line":35,"type":"if","locations":[{"start":{"line":35,"column":8},"end":{"line":35,"column":8}},{"start":{"line":35,"column":8},"end":{"line":35,"column":8}}]},"6":{"line":41,"type":"if","locations":[{"start":{"line":41,"column":11},"end":{"line":41,"column":11}},{"start":{"line":41,"column":11},"end":{"line":41,"column":11}}]},"7":{"line":42,"type":"if","locations":[{"start":{"line":42,"column":8},"end":{"line":42,"column":8}},{"start":{"line":42,"column":8},"end":{"line":42,"column":8}}]},"8":{"line":43,"type":"if","locations":[{"start":{"line":43,"column":12},"end":{"line":43,"column":12}},{"start":{"line":43,"column":12},"end":{"line":43,"column":12}}]},"9":{"line":43,"type":"binary-expr","locations":[{"start":{"line":43,"column":16},"end":{"line":43,"column":39}},{"start":{"line":44,"column":16},"end":{"line":44,"column":43}},{"start":{"line":45,"column":16},"end":{"line":45,"column":31}}]},"10":{"line":47,"type":"if","locations":[{"start":{"line":47,"column":16},"end":{"line":47,"column":16}},{"start":{"line":47,"column":16},"end":{"line":47,"column":16}}]},"11":{"line":60,"type":"if","locations":[{"start":{"line":60,"column":11},"end":{"line":60,"column":11}},{"start":{"line":60,"column":11},"end":{"line":60,"column":11}}]},"12":{"line":61,"type":"if","locations":[{"start":{"line":61,"column":8},"end":{"line":61,"column":8}},{"start":{"line":61,"column":8},"end":{"line":61,"column":8}}]},"13":{"line":64,"type":"if","locations":[{"start":{"line":64,"column":15},"end":{"line":64,"column":15}},{"start":{"line":64,"column":15},"end":{"line":64,"column":15}}]},"14":{"line":67,"type":"if","locations":[{"start":{"line":67,"column":11},"end":{"line":67,"column":11}},{"start":{"line":67,"column":11},"end":{"line":67,"column":11}}]},"15":{"line":68,"type":"if","locations":[{"start":{"line":68,"column":8},"end":{"line":68,"column":8}},{"start":{"line":68,"column":8},"end":{"line":68,"column":8}}]},"16":{"line":75,"type":"if","locations":[{"start":{"line":75,"column":4},"end":{"line":75,"column":4}},{"start":{"line":75,"column":4},"end":{"line":75,"column":4}}]},"17":{"line":79,"type":"if","locations":[{"start":{"line":79,"column":4},"end":{"line":79,"column":4}},{"start":{"line":79,"column":4},"end":{"line":79,"column":4}}]},"18":{"line":91,"type":"cond-expr","locations":[{"start":{"line":91,"column":28},"end":{"line":91,"column":32}},{"start":{"line":91,"column":35},"end":{"line":91,"column":39}}]},"19":{"line":98,"type":"if","locations":[{"start":{"line":98,"column":8},"end":{"line":98,"column":8}},{"start":{"line":98,"column":8},"end":{"line":98,"column":8}}]},"20":{"line":99,"type":"if","locations":[{"start":{"line":99,"column":12},"end":{"line":99,"column":12}},{"start":{"line":99,"column":12},"end":{"line":99,"column":12}}]},"21":{"line":108,"type":"if","locations":[{"start":{"line":108,"column":8},"end":{"line":108,"column":8}},{"start":{"line":108,"column":8},"end":{"line":108,"column":8}}]},"22":{"line":108,"type":"binary-expr","locations":[{"start":{"line":108,"column":12},"end":{"line":108,"column":29}},{"start":{"line":108,"column":33},"end":{"line":108,"column":47}}]},"23":{"line":113,"type":"if","locations":[{"start":{"line":113,"column":4},"end":{"line":113,"column":4}},{"start":{"line":113,"column":4},"end":{"line":113,"column":4}}]},"24":{"line":134,"type":"if","locations":[{"start":{"line":134,"column":4},"end":{"line":134,"column":4}},{"start":{"line":134,"column":4},"end":{"line":134,"column":4}}]},"25":{"line":135,"type":"if","locations":[{"start":{"line":135,"column":8},"end":{"line":135,"column":8}},{"start":{"line":135,"column":8},"end":{"line":135,"column":8}}]},"26":{"line":141,"type":"if","locations":[{"start":{"line":141,"column":11},"end":{"line":141,"column":11}},{"start":{"line":141,"column":11},"end":{"line":141,"column":11}}]},"27":{"line":141,"type":"binary-expr","locations":[{"start":{"line":141,"column":15},"end":{"line":141,"column":29}},{"start":{"line":141,"column":34},"end":{"line":141,"column":50}},{"start":{"line":141,"column":54},"end":{"line":141,"column":69}}]},"28":{"line":150,"type":"if","locations":[{"start":{"line":150,"column":12},"end":{"line":150,"column":12}},{"start":{"line":150,"column":12},"end":{"line":150,"column":12}}]},"29":{"line":150,"type":"binary-expr","locations":[{"start":{"line":150,"column":16},"end":{"line":150,"column":30}},{"start":{"line":150,"column":34},"end":{"line":150,"column":45}}]},"30":{"line":154,"type":"if","locations":[{"start":{"line":154,"column":11},"end":{"line":154,"column":11}},{"start":{"line":154,"column":11},"end":{"line":154,"column":11}}]},"31":{"line":163,"type":"if","locations":[{"start":{"line":163,"column":4},"end":{"line":163,"column":4}},{"start":{"line":163,"column":4},"end":{"line":163,"column":4}}]},"32":{"line":170,"type":"if","locations":[{"start":{"line":170,"column":8},"end":{"line":170,"column":8}},{"start":{"line":170,"column":8},"end":{"line":170,"column":8}}]},"33":{"line":180,"type":"if","locations":[{"start":{"line":180,"column":4},"end":{"line":180,"column":4}},{"start":{"line":180,"column":4},"end":{"line":180,"column":4}}]},"34":{"line":181,"type":"if","locations":[{"start":{"line":181,"column":8},"end":{"line":181,"column":8}},{"start":{"line":181,"column":8},"end":{"line":181,"column":8}}]},"35":{"line":192,"type":"if","locations":[{"start":{"line":192,"column":8},"end":{"line":192,"column":8}},{"start":{"line":192,"column":8},"end":{"line":192,"column":8}}]},"36":{"line":192,"type":"binary-expr","locations":[{"start":{"line":192,"column":12},"end":{"line":192,"column":33}},{"start":{"line":192,"column":37},"end":{"line":192,"column":52}}]},"37":{"line":201,"type":"if","locations":[{"start":{"line":201,"column":16},"end":{"line":201,"column":16}},{"start":{"line":201,"column":16},"end":{"line":201,"column":16}}]},"38":{"line":201,"type":"binary-expr","locations":[{"start":{"line":201,"column":20},"end":{"line":201,"column":34}},{"start":{"line":201,"column":38},"end":{"line":201,"column":49}}]},"39":{"line":206,"type":"if","locations":[{"start":{"line":206,"column":11},"end":{"line":206,"column":11}},{"start":{"line":206,"column":11},"end":{"line":206,"column":11}}]},"40":{"line":228,"type":"if","locations":[{"start":{"line":228,"column":4},"end":{"line":228,"column":4}},{"start":{"line":228,"column":4},"end":{"line":228,"column":4}}]},"41":{"line":240,"type":"if","locations":[{"start":{"line":240,"column":4},"end":{"line":240,"column":4}},{"start":{"line":240,"column":4},"end":{"line":240,"column":4}}]},"42":{"line":260,"type":"if","locations":[{"start":{"line":260,"column":8},"end":{"line":260,"column":8}},{"start":{"line":260,"column":8},"end":{"line":260,"column":8}}]},"43":{"line":261,"type":"if","locations":[{"start":{"line":261,"column":12},"end":{"line":261,"column":12}},{"start":{"line":261,"column":12},"end":{"line":261,"column":12}}]},"44":{"line":273,"type":"if","locations":[{"start":{"line":273,"column":12},"end":{"line":273,"column":12}},{"start":{"line":273,"column":12},"end":{"line":273,"column":12}}]},"45":{"line":286,"type":"cond-expr","locations":[{"start":{"line":287,"column":8},"end":{"line":287,"column":24}},{"start":{"line":288,"column":8},"end":{"line":288,"column":24}}]},"46":{"line":295,"type":"if","locations":[{"start":{"line":295,"column":8},"end":{"line":295,"column":8}},{"start":{"line":295,"column":8},"end":{"line":295,"column":8}}]},"47":{"line":296,"type":"if","locations":[{"start":{"line":296,"column":12},"end":{"line":296,"column":12}},{"start":{"line":296,"column":12},"end":{"line":296,"column":12}}]},"48":{"line":302,"type":"if","locations":[{"start":{"line":302,"column":15},"end":{"line":302,"column":15}},{"start":{"line":302,"column":15},"end":{"line":302,"column":15}}]},"49":{"line":319,"type":"binary-expr","locations":[{"start":{"line":319,"column":15},"end":{"line":319,"column":36}},{"start":{"line":319,"column":40},"end":{"line":319,"column":55}}]},"50":{"line":324,"type":"if","locations":[{"start":{"line":324,"column":8},"end":{"line":324,"column":8}},{"start":{"line":324,"column":8},"end":{"line":324,"column":8}}]},"51":{"line":324,"type":"binary-expr","locations":[{"start":{"line":324,"column":12},"end":{"line":324,"column":25}},{"start":{"line":324,"column":29},"end":{"line":324,"column":64}}]},"52":{"line":326,"type":"if","locations":[{"start":{"line":326,"column":12},"end":{"line":326,"column":12}},{"start":{"line":326,"column":12},"end":{"line":326,"column":12}}]},"53":{"line":327,"type":"if","locations":[{"start":{"line":327,"column":16},"end":{"line":327,"column":16}},{"start":{"line":327,"column":16},"end":{"line":327,"column":16}}]},"54":{"line":327,"type":"binary-expr","locations":[{"start":{"line":327,"column":20},"end":{"line":327,"column":32}},{"start":{"line":327,"column":36},"end":{"line":327,"column":52}}]},"55":{"line":329,"type":"if","locations":[{"start":{"line":329,"column":20},"end":{"line":329,"column":20}},{"start":{"line":329,"column":20},"end":{"line":329,"column":20}}]},"56":{"line":333,"type":"if","locations":[{"start":{"line":333,"column":24},"end":{"line":333,"column":24}},{"start":{"line":333,"column":24},"end":{"line":333,"column":24}}]},"57":{"line":333,"type":"binary-expr","locations":[{"start":{"line":333,"column":28},"end":{"line":333,"column":41}},{"start":{"line":333,"column":45},"end":{"line":333,"column":80}}]},"58":{"line":351,"type":"if","locations":[{"start":{"line":351,"column":17},"end":{"line":351,"column":17}},{"start":{"line":351,"column":17},"end":{"line":351,"column":17}}]},"59":{"line":351,"type":"binary-expr","locations":[{"start":{"line":351,"column":21},"end":{"line":351,"column":33}},{"start":{"line":351,"column":37},"end":{"line":351,"column":53}}]},"60":{"line":364,"type":"binary-expr","locations":[{"start":{"line":364,"column":53},"end":{"line":364,"column":65}},{"start":{"line":364,"column":69},"end":{"line":364,"column":85}}]},"61":{"line":369,"type":"if","locations":[{"start":{"lin
[...]
":40,"column":8},"end":{"line":40,"column":31}},"30":{"start":{"line":41,"column":8},"end":{"line":61,"column":9}},"31":{"start":{"line":42,"column":12},"end":{"line":42,"column":43}},"32":{"start":{"line":44,"column":12},"end":{"line":46,"column":13}},"33":{"start":{"line":45,"column":16},"end":{"line":45,"column":33}},"34":{"start":{"line":48,"column":12},"end":{"line":50,"column":13}},"35":{"start":{"line":49,"column":16},"end":{"line":49,"column":32}},"36":{"start":{"line":52,"column":12},"end":{"line":54,"column":13}},"37":{"start":{"line":53,"column":16},"end":{"line":53,"column":38}},"38":{"start":{"line":55,"column":15},"end":{"line":61,"column":9}},"39":{"start":{"line":56,"column":12},"end":{"line":58,"column":13}},"40":{"start":{"line":57,"column":16},"end":{"line":57,"column":33}},"41":{"start":{"line":59,"column":15},"end":{"line":61,"column":9}},"42":{"start":{"line":60,"column":12},"end":{"line":60,"column":29}},"43":{"start":{"line":64,"column":4},"end":{"line":64,"column":36}},"44":{"start":{"line":65,"column":4},"end":{"line":65,"column":32}},"45":{"start":{"line":66,"column":4},"end":{"line":66,"column":30}},"46":{"start":{"line":67,"column":4},"end":{"line":67,"column":22}},"47":{"start":{"line":68,"column":4},"end":{"line":68,"column":42}},"48":{"start":{"line":71,"column":0},"end":{"line":71,"column":39}},"49":{"start":{"line":72,"column":0},"end":{"line":72,"column":42}}},"branchMap":{"1":{"line":14,"type":"binary-expr","locations":[{"start":{"line":14,"column":22},"end":{"line":14,"column":32}},{"start":{"line":14,"column":36},"end":{"line":14,"column":48}}]},"2":{"line":15,"type":"binary-expr","locations":[{"start":{"line":15,"column":20},"end":{"line":15,"column":28}},{"start":{"line":15,"column":32},"end":{"line":15,"column":42}}]},"3":{"line":16,"type":"cond-expr","locations":[{"start":{"line":16,"column":29},"end":{"line":16,"column":40}},{"start":{"line":16,"column":43},"end":{"line":16,"column":52}}]},"4":{"line":17,"type":"cond-expr","locations":[{"start":{"line":17,"column":55},"end":{"line":17,"column":64}},{"start":{"line":17,"column":67},"end":{"line":17,"column":71}}]},"5":{"line":19,"type":"binary-expr","locations":[{"start":{"line":19,"column":17},"end":{"line":19,"column":25}},{"start":{"line":19,"column":29},"end":{"line":19,"column":44}},{"start":{"line":19,"column":49},"end":{"line":19,"column":50}}]},"6":{"line":27,"type":"if","locations":[{"start":{"line":27,"column":8},"end":{"line":27,"column":8}},{"start":{"line":27,"column":8},"end":{"line":27,"column":8}}]},"7":{"line":29,"type":"if","locations":[{"start":{"line":29,"column":12},"end":{"line":29,"column":12}},{"start":{"line":29,"column":12},"end":{"line":29,"column":12}}]},"8":{"line":29,"type":"binary-expr","locations":[{"start":{"line":29,"column":16},"end":{"line":29,"column":33}},{"start":{"line":29,"column":37},"end":{"line":29,"column":52}}]},"9":{"line":30,"type":"if","locations":[{"start":{"line":30,"column":16},"end":{"line":30,"column":16}},{"start":{"line":30,"column":16},"end":{"line":30,"column":16}}]},"10":{"line":41,"type":"if","locations":[{"start":{"line":41,"column":8},"end":{"line":41,"column":8}},{"start":{"line":41,"column":8},"end":{"line":41,"column":8}}]},"11":{"line":42,"type":"binary-expr","locations":[{"start":{"line":42,"column":27},"end":{"line":42,"column":38}},{"start":{"line":42,"column":42},"end":{"line":42,"column":43}}]},"12":{"line":44,"type":"if","locations":[{"start":{"line":44,"column":12},"end":{"line":44,"column":12}},{"start":{"line":44,"column":12},"end":{"line":44,"column":12}}]},"13":{"line":44,"type":"binary-expr","locations":[{"start":{"line":44,"column":16},"end":{"line":44,"column":27}},{"start":{"line":44,"column":31},"end":{"line":44,"column":47}}]},"14":{"line":48,"type":"if","locations":[{"start":{"line":48,"column":12},"end":{"line":48,"column":12}},{"start":{"line":48,"column":12},"end":{"line":48,"column":12}}]},"15":{"line":48,"type":"binary-expr","locations":[{"start":{"line":48,"column":16},"end":{"line":48,"column":26}},{"start":{"line":48,"column":30},"end":{"line":48,"column":45}}]},"16":{"line":52,"type":"if","locations":[{"start":{"line":52,"column":12},"end":{"line":52,"column":12}},{"start":{"line":52,"column":12},"end":{"line":52,"column":12}}]},"17":{"line":52,"type":"binary-expr","locations":[{"start":{"line":52,"column":16},"end":{"line":52,"column":32}},{"start":{"line":52,"column":37},"end":{"line":52,"column":48}},{"start":{"line":52,"column":52},"end":{"line":52,"column":73}}]},"18":{"line":55,"type":"if","locations":[{"start":{"line":55,"column":15},"end":{"line":55,"column":15}},{"start":{"line":55,"column":15},"end":{"line":55,"column":15}}]},"19":{"line":55,"type":"binary-expr","locations":[{"start":{"line":55,"column":19},"end":{"line":55,"column":30}},{"start":{"line":55,"column":34},"end":{"line":55,"column":49}}]},"20":{"line":56,"type":"if","locations":[{"start":{"line":56,"column":12},"end":{"line":56,"column":12}},{"start":{"line":56,"column":12},"end":{"line":56,"column":12}}]},"21":{"line":59,"type":"if","locations":[{"start":{"line":59,"column":15},"end":{"line":59,"column":15}},{"start":{"line":59,"column":15},"end":{"line":59,"column":15}}]},"22":{"line":59,"type":"binary-expr","locations":[{"start":{"line":59,"column":19},"end":{"line":59,"column":29}},{"start":{"line":59,"column":33},"end":{"line":59,"column":47}}]}},"code":["var version = require(\"./version\")","var isVNode = require(\"./is-vnode\")","var isWidget = require(\"./is-widget\")","var isThunk = require(\"./is-thunk\")","var isVHook = require(\"./is-vhook\")","","module.exports = VirtualNode","","var noProperties = {}","var noChildren = []","","function VirtualNode(tagName, properties, children, key, namespace) {","    this.tagName = tagName","    this.properties = properties || noProperties","    this.children = children || noChildren","    this.key = key != null ? String(key) : undefined","    this.namespace = (typeof namespace === \"string\") ? namespace : null","","    var count = (children && children.length) || 0","    var descendants = 0","    var hasWidgets = false","    var hasThunks = false","    var descendantHooks = false","    var hooks","","    for (var propName in properties) {","        if (properties.hasOwnProperty(propName)) {","            var property = properties[propName]","            if (isVHook(property) && property.unhook) {","                if (!hooks) {","                    hooks = {}","                }","","                hooks[propName] = property","            }","        }","    }","","    for (var i = 0; i < count; i++) {","        var child = children[i]","        if (isVNode(child)) {","            descendants += child.count || 0","","            if (!hasWidgets && child.hasWidgets) {","                hasWidgets = true","            }","","            if (!hasThunks && child.hasThunks) {","                hasThunks = true","            }","","            if (!descendantHooks && (child.hooks || child.descendantHooks)) {","                descendantHooks = true","            }","        } else if (!hasWidgets && isWidget(child)) {","            if (typeof child.destroy === \"function\") {","                hasWidgets = true","            }","        } else if (!hasThunks && isThunk(child)) {","            hasThunks = true;","        }","    }","","    this.count = count + descendants","    this.hasWidgets = hasWidgets","    this.hasThunks = hasThunks","    this.hooks = hooks","    this.descendantHooks = descendantHooks","}","","VirtualNode.prototype.version = version","VirtualNode.prototype.type = \"VirtualNode\"",""],"l":{"1":1,"2":1,"3":1,"4":1,"5":1,"7":1,"9":1,"10":1,"12":1,"13":0,"14":0,"15":0,"16":0,"17":0,"19":0,"20":0,"21":0,"22":0,"23":0,"24":0,"26":0,"27":0,"28":0,"29":0,"30":0,"31":0,"34":0,"39":0,"40":0,"41":0,"42":0,"44":0,"45":0,"48":0,"49":0,"52":0,"53":0,"55":0,"56":0,"57":0,"59":0,"60":0,"64":0,"65":0,"66":0,"67":0,"68":0,"71":1,"72":1}},"/home/travis/build/npmtest/node-npmtest-virtual-dom/virtual-dom/vnode/vtext.js":{"path":"/home/travis/build/npmtest/node-npmtest-virtual-dom/virtual-dom/vnode/vtext.js","s":{"1":1,"2":1,"3":1,"4":0,"5":1,"6":1},"b":{},"f":{"1":0},"fnMap":{"1":{"name":"VirtualText","line":5,"loc":{"start":{"line":5,"column":0},"end":{"line":5,"column":27}}}},"statementMap":{"1":{"start":{"line":1,"column":0},"end":{"line":1,"column":34}},"2":{"start":{"line":3,"column":0},"end":{"line":3,"column":28}},"3":{"start":{"line":5,"column":0},"end":{"line":7,"column":1}},"4":{"start":{"line":6,"column":4},"end":{"line":6,"column":28}},"5":{"start":{"line":9,"column":0},"end":{"line":9,"column":39}},"6":{"start":{"line":10,"column":0},"end":{"line":10,"column":42}}},"branchMap":{},"code":["var version = require(\"./version\")","","module.exports = VirtualText","","function VirtualText(text) {","    this.text = String(text)","}","","VirtualText.prototype.version = version","VirtualText.prototype.type = \"VirtualText\"",""],"l":{"1":1,"3":1,"5":1,"6":0,"9":1,"10":1}},"/home/travis/build/npmtest/node-npmtest-virtual-dom/virtual-dom/virtual-hyperscript/parse-tag.js":{"path":"/home/travis/build/npmtest/node-npmtest-virtual-dom/virtual-dom/virtual-hyperscript/parse-tag.js","s":{"1":1,"2":1,"3":1,"4":1,"5":1,"6":0,"7":0,"8":0,"9":0,"10":0,"11":0,"12":0,"13":0,"14":0,"15":0,"16":0,"17":0,"18":0,"19":0,"20":0,"21":0,"22":0,"23":0,"24":0,"25":0,"26":0,"27":0,"28":0,"29":0,"30":0},"b":{"1":[0,0],"2":[0,0],"3":[0,0],"4":[0,0],"5":[0,0],"6":[0,0],"7":[0,0],"8":[0,0],"9":[0,0],"10":[0,0],"11":[0,0]},"f":{"1":0},"fnMap":{"1":{"name":"parseTag","line":10,"loc":{"start":{"line":10,"column":0},"end":{"line":10,"column":30}}}},"statementMap":{"1":{"start":{"line":3,"column":0},"end":{"line":3,"column":37}},"2":{"start":{"line":5,"column":0},"end":{"line":5,"column":58}},"3":{"start":{"line":6,"column":0},"end":{"line":6,"column":25}},"4":{"start":{"line":8,"column":0},"end":{"line":8,"column":26}},"5":{"start":{"line":10,"column":0},"end":{"line":54,"column":1}},"6":{"start":{"line":11,"column":4},"end":{"line":13,"column":5}},"7":{"start":{"line":12,"column":8},"end":{"line":12,"column":21}},"8":{"start":{"line":15,"column":4},"end":{"line":15,"column":45}},"9":{"start":{"line":17,"column":4},"end":{"line":17,"column":44}},"10":{"start":{"line":18,"column":4},"end":{"line":18,"column":23}},"11":{"start":{"line":20,"column":4},"end":{"line":22,"column":5}},"12":{"start":{"line":21,"column":8},"end":{"line":21,"column":24}},"13":{"start":{"line":24,"column":4},"end":{"line":24,"column":31}},"14":{"start":{"line":26,"column":4},"end":{"line":43,"column":5}},"15":{"start":{"line":27,"column":8},"end":{"line":27,"column":27}},"16":{"start":{"line":29,"column":8},"end":{"line":31,"column":9}},"17":{"start":{"line":30,"column":12},"end":{"line":30,"column":21}},"18":{"start":{"line":33,"column":8},"end":{"line":33,"column":30}},"19":{"start":{"line":35,"column":8},"end":{"line":42,"column":9}},"20":{"start":{"line":36,"column":12},"end":{"line":36,"column":27}},"21":{"start":{"line":37,"column":15},"end":{"line":42,"column":9}},"22":{"start":{"line":38,"column":12},"end":{"line":38,"column":36}},"23":{"start":{"line":39,"column":12},"end":{"line":39,"column":57}},"24":{"start":{"line":40,"column":15},"end":{"line":42,"column":9}},"25":{"start":{"line":41,"column":12},"end":{"line":41,"column":54}},"26":{"start":{"line":45,"column":4},"end":{"line":51,"column":5}},"27":{"start":{"line":46,"column":8},"end":{"line":48,"column":9}},"28":{"start":{"line":47,"column":12},"end":{"line":47,"column":42}},"29":{"start":{"line":50,"column":8},"end":{"line":50,"column":44}},"30":{"start":{"line":53,"column":4},"end":{"line":53,"column":61}}},"branchMap":{"1":{"line":11,"type":"if","locations":[{"start":{"line":11,"column":4},"end":{"line":11,"column":4}},{"start":{"line":11,"column":4},"end":{"line":11,"column":4}}]},"2":{"line":20,"type":"if","locations":[{"start":{"line":20,"column":4},"end":{"line":20,"column":4}},{"start":{"line":20,"column":4},"end":{"line":20,"column":4}}]},"3":{"line":29,"type":"if","locations":[{"start":{"line":29,"column":8},"end":{"line":29,"column":8}},{"start":{"line":29,"column":8},"end":{"line":29,"column":8}}]},"4":{"line":35,"type":"if","locations":[{"start":{"line":35,"column":8},"end":{"line":35,"column":8}},{"start":{"line":35,"column":8},"end":{"line":35,"column":8}}]},"5":{"line":37,"type":"if","locations":[{"start":{"line":37,"column":15},"end":{"line":37,"column":15}},{"start":{"line":37,"column":15},"end":{"line":37,"column":15}}]},"6":{"line":38,"type":"binary-expr","locations":[{"start":{"line":38,"column":22},"end":{"line":38,"column":29}},{"start":{"line":38,"column":33},"end":{"line":38,"column":35}}]},"7":{"line":40,"type":"if","locations":[{"start":{"line":40,"column":15},"end":{"line":40,"column":15}},{"start":{"line":40,"column":15},"end":{"line":40,"column":15}}]},"8":{"line":40,"type":"binary-expr","locations":[{"start":{"line":40,"column":19},"end":{"line":40,"column":31}},{"start":{"line":40,"column":35},"end":{"line":40,"column":39}}]},"9":{"line":45,"type":"if","locations":[{"start":{"line":45,"column":4},"end":{"line":45,"column":4}},{"start":{"line":45,"column":4},"end":{"line":45,"column":4}}]},"10":{"line":46,"type":"if","locations":[{"start":{"line":46,"column":8},"end":{"line":46,"column":8}},{"start":{"line":46,"column":8},"end":{"line":46,"column":8}}]},"11":{"line":53,"type":"cond-expr","locations":[{"start":{"line":53,"column":29},"end":{"line":53,"column":36}},{"start":{"line":53,"column":39},"end":{"line":53,"column":60}}]}},"code":["'use strict';","","var split = require('browser-split');","","var classIdSplit = /([\\.#]?[a-zA-Z0-9\\u007F-\\uFFFF_:-]+)/;","var notClassId = /^\\.|#/;","","module.exports = parseTag;","","function parseTag(tag, props) {","    if (!tag) {","        return 'DIV';","    }","","    var noId = !(props.hasOwnProperty('id'));","","    var tagParts = split(tag, classIdSplit);","    var tagName = null;","","    if (notClassId.test(tagParts[1])) {","        tagName = 'DIV';","    }","","    var classes, part, type, i;","","    for (i = 0; i < tagParts.length; i++) {","        part = tagParts[i];","","        if (!part) {","            continue;","        }","","        type = part.charAt(0);","","        if (!tagName) {","            tagName = part;","        } else if (type === '.') {","            classes = classes || [];","            classes.push(part.substring(1, part.length));","        } else if (type === '#' && noId) {","            props.id = part.substring(1, part.length);","        }","    }","","    if (classes) {","        if (props.className) {","            classes.push(props.className);","        }","","        props.className = classes.join(' ');","    }","","    return props.namespace ? tagName : tagName.toUpperCase();","}",""],"l":{"3":1,"5":1,"6":1,"8":1,"10":1,"11":0,"12":0,"15":0,"17":0,"18":0,"20":0,"21":0,"24":0,"26":0,"27":0,"29":0,"30":0,"33":0,"35":0,"36":0,"37":0,"38":0,"39":0,"40":0,"41":0,"45":0,"46":0,"47":0,"50":0,"53":0}},"/home/travis/build/npmtest/node-npmtest-virtual-dom/virtual-dom/virtual-hyperscript/hooks/soft-set-hook.js":{"path":"/home/travis/build/npmtest/node-npmtest-virtual-dom/virtual-dom/virtual-hyperscript/hooks/soft-set-hook.js","s":{"1":1,"2":1,"3":0,"4":0,"5":0,"6":1,"7":0,"8":0},"b":{"1":[0,0],"2":[0,0]},"f":{"1":0,"2":0},"fnMap":{"1":{"name":"SoftSetHook","line":5,"loc":{"start":{"line":5,"column":0},"end":{"line":5,"column":28}}},"2":{"name":"(anonymous_2)","line":13,"loc":{"start":{"line":13,"column":29},"end":{"line":13,"column":59}}}},"statementMap":{"1":{"start":{"line":3,"column":0},"end":{"line":3,"column":29}},"2":{"start":{"line":5,"column":0},"end":{"line":11,"column":1}},"3":{"start":{"line":6,"column":4},"end":{"line":8,"column":5}},"4":{"start":{"line":7,"column":8},"end":{"line":7,"column":38}},"5":{"start":{"line":10,"column":4},"end":{"line":10,"column":23}},"6":{"start":{"line":13,"column":0},"end":{"line":17,"column":2}},"7":{"start":{"line":14,"column":4},"end":{"line":16,"column":5}},"8":{"start":{"line":15,"column":8},"end":{"line":15,"column":40}}},"branchMap":{"1":{"line":6,"type":"if","locations":[{"start":{"line":6,"column":4},"end":{"line":6,"column":4}},{"start":{"line":6,"column":4},"end":{"line":6,"column":4}}]},"2":{"line":14,"type":"if","locations":[{"start":{"line":14,"column":4},"end":{"line":14,"column":4}},{"start":{"line":14,"column":4},"end":{"line":14,"column":4}}]}},"code":["'use strict';","","module.exports = SoftSetHook;","","function SoftSetHook(value) {","    if (!(this instanceof SoftSetHook)) {","        return new SoftSetHook(value);","    }","","    this.value = value;","}","","SoftSetHook.prototype.hook = function (node, propertyName) {","    if (node[propertyName] !== this.value) {","        node[propertyName] = this.value;","    }","};",""],"l":{"3":1,"5":1,"6":0,"7":0,"10":0,"13":1,"14":0,"15":0}},"/home/travis/build/npmtest/node-npmtest-virtual-dom/virtual-dom/virtual-hyperscript/hooks/ev-hook.js":{"path":"/home/travis/build/npmtest/node-npmtest-virtual-dom/virtual-dom/virtual-hyperscript/hooks/ev-hook.js","s":{"1":1,"2":1,"3":1,"4":0,"5":0,"6":0,"7":1,"8":0,"9":0,"10":0,"11":1,"12":0,"13":0,"14":0},"b":{"1":[0,0]},"f":{"1":0,"2":0,"3":0},"fnMap":{"1":{"name":"EvHook","line":7,"loc":{"start":{"line":7,"column":0},"end":{"line":7,"column":23}}},"2":{"name":"(anonymous_2)","line":15,"loc":{"start":{"line":15,"column":24},"end":{"line":15,"column":54}}},"3":{"name":"(anonymous_3)","line":22,"loc":{"start":{"line":22,"column":26},"end":{"line":22,"column":55}}}},"statementMap":{"1":{"start":{"line":3,"column":0},"end":{"line":3,"column":34}},"2":{"start":{"line":5,"column":0},"end":{"line":5,"column":24}},"3":{"start":{"line":7,"column":0},"end":{"line":13,"column":1}},"4":{"start":{"line":8,"column":4},"end":{"line":10,"column":5}},"5":{"start":{"line":9,"column":8},"end":{"line":9,"column":33}},"6":{"start":{"line":12,"column":4},"end":{"line":12,"column":23}},"7":{"start":{"line":15,"column":0},"end":{"line":20,"column":2}},"8":{"start":{"line":16,"column":4},"end":{"line":16,"column":27}},"9":{"start":{"line":17,"column":4},"end":{"line":17,"column":42}},"10":{"start":{"line":19,"column":4},"end":{"line":19,"column":30}},"11":{"start":{"line":22,"column":0},"end":{"line":27,"column":2}},"12":{"start":{"line":23,"column":4},"end":{"line":23,"column":27}},"13":{"start":{"line":24,"column":4},"end":{"line":24,"column":42}},"14":{"start":{"line":26,"column":4},"end":{"line":26,"column":29}}},"branchMap":{"1":{"line":8,"type":"if","locations":[{"start":{"line":8,"column":4},"end":{"line":8,"column":4}},{"start":{"line":8,"column":4},"end":{"line":8,"column":4}}]}},"code":["'use strict';","","var EvStore = require('ev-store');","","module.exports = EvHook;","","function EvHook(value) {","    if (!(this instanceof EvHook)) {","        return new EvHook(value);","    }","","    this.value = value;","}","","EvHook.prototype.hook = function (node, propertyName) {","    var es = EvStore(node);","    var propName = propertyName.substr(3);","","    es[propName] = this.value;","};","","EvHook.prototype.unhook = function(node, propertyName) {","    var es = EvStore(node);","    var propName = propertyName.substr(3);","","    es[propName] = undefined;","};",""],"l":{"3":1,"5":1,"7":1,"8":0,"9":0,"12":0,"15":1,"16":0,"17":0,"19":0,"22":1,"23":0,"24":0,"26":0}},"/home/travis/build/npmtest/node-npmtest-virtual-dom/virtual-dom/create-element.js":{"path":"/home/travis/build/npmtest/node-npmtest-virtual-dom/virtual-dom/create-element.js","s":{"1":1,"2":1},"b":{},"f":{},"fnMap":{},"statementMap":{"1":{"start":{"line":1,"column":0},"end":{"line":1,"column":55}},"2":{"start":{"line":3,"column":0},"end":{"line":3,"column":30}}},"branchMap":{},"code":["var createElement = require(\"./vdom/create-element.js\")","","module.exports = createElement",""],"l":{"1":1,"3":1}}}